Using pre-set license
Built from '2021.2/staging' branch; Version is '2021.2.7f1 (6bd9e232123f) revision 7068130'; Using compiler version '192829333'; Build Type 'Release'
OS: 'Windows 11  (10.0.22621) 64bit Core' Language: 'fr' Physical Memory: 32628 MB
BatchMode: 1, IsHumanControllingUs: 0, StartBugReporterOnCrash: 0, Is64bit: 1, IsPro: 0

COMMAND LINE ARGUMENTS:
C:\Program Files\Unity\Hub\Editor\2021.2.7f1\Editor\Unity.exe
-adb2
-batchMode
-noUpm
-name
AssetImportWorker0
-projectPath
C:/Users/Luzog/Workspace/Local/Unity/Projects/Cydroid/Unity Project/Cydroid - 2
-logFile
Logs/AssetImportWorker0.log
-srvPort
50783
Successfully changed project path to: C:/Users/Luzog/Workspace/Local/Unity/Projects/Cydroid/Unity Project/Cydroid - 2
C:/Users/Luzog/Workspace/Local/Unity/Projects/Cydroid/Unity Project/Cydroid - 2
[UnityMemory] Configuration Parameters - Can be set up in boot.config
    "memorysetup-bucket-allocator-granularity=16"
    "memorysetup-bucket-allocator-bucket-count=8"
    "memorysetup-bucket-allocator-block-size=33554432"
    "memorysetup-bucket-allocator-block-count=8"
    "memorysetup-main-allocator-block-size=16777216"
    "memorysetup-thread-allocator-block-size=16777216"
    "memorysetup-gfx-main-allocator-block-size=16777216"
    "memorysetup-gfx-thread-allocator-block-size=16777216"
    "memorysetup-cache-allocator-block-size=4194304"
    "memorysetup-typetree-allocator-block-size=2097152"
    "memorysetup-profiler-bucket-allocator-granularity=16"
    "memorysetup-profiler-bucket-allocator-bucket-count=8"
    "memorysetup-profiler-bucket-allocator-block-size=33554432"
    "memorysetup-profiler-bucket-allocator-block-count=8"
    "memorysetup-profiler-allocator-block-size=16777216"
    "memorysetup-profiler-editor-allocator-block-size=1048576"
    "memorysetup-temp-allocator-size-main=16777216"
    "memorysetup-job-temp-allocator-block-size=2097152"
    "memorysetup-job-temp-allocator-block-size-background=1048576"
    "memorysetup-job-temp-allocator-reduction-small-platforms=262144"
    "memorysetup-temp-allocator-size-background-worker=32768"
    "memorysetup-temp-allocator-size-job-worker=262144"
    "memorysetup-temp-allocator-size-preload-manager=33554432"
    "memorysetup-temp-allocator-size-nav-mesh-worker=65536"
    "memorysetup-temp-allocator-size-audio-worker=65536"
    "memorysetup-temp-allocator-size-cloud-worker=32768"
    "memorysetup-temp-allocator-size-gi-baking-worker=262144"
    "memorysetup-temp-allocator-size-gfx=262144"
Refreshing native plugins compatible for Editor in 116.79 ms, found 3 plugins.
Preloading 0 native plugins for Editor in 0.00 ms.
Initialize engine version: 2021.2.7f1 (6bd9e232123f)
[Subsystems] Discovering subsystems at path C:/Program Files/Unity/Hub/Editor/2021.2.7f1/Editor/Data/Resources/UnitySubsystems
[Subsystems] Discovering subsystems at path C:/Users/Luzog/Workspace/Local/Unity/Projects/Cydroid/Unity Project/Cydroid - 2/Assets
GfxDevice: creating device client; threaded=0; jobified=0
Direct3D:
    Version:  Direct3D 11.0 [level 11.1]
    Renderer: Radeon RX 5500 XT (ID=0x7340)
    Vendor:   ATI
    VRAM:     8151 MB
    Driver:   31.0.12044.3
Initialize mono
Mono path[0] = 'C:/Program Files/Unity/Hub/Editor/2021.2.7f1/Editor/Data/Managed'
Mono path[1] = 'C:/Program Files/Unity/Hub/Editor/2021.2.7f1/Editor/Data/MonoBleedingEdge/lib/mono/unityjit-win32'
Mono config path = 'C:/Program Files/Unity/Hub/Editor/2021.2.7f1/Editor/Data/MonoBleedingEdge/etc'
Using monoOptions --debugger-agent=transport=dt_socket,embedding=1,server=y,suspend=n,address=127.0.0.1:56632
Begin MonoManager ReloadAssembly
Registering precompiled unity dll's ...
Register platform support module: C:/Program Files/Unity/Hub/Editor/2021.2.7f1/Editor/Data/PlaybackEngines/WindowsStandaloneSupport/UnityEditor.WindowsStandalone.Extensions.dll
Registered in 0.005435 seconds.
Native extension for WindowsStandalone target not found
Refreshing native plugins compatible for Editor in 118.84 ms, found 3 plugins.
Preloading 0 native plugins for Editor in 0.00 ms.
Mono: successfully reloaded assembly
- Completed reload, in  0.797 seconds
Domain Reload Profiling:
	ReloadAssembly (798ms)
		BeginReloadAssembly (74ms)
			ExecutionOrderSort (0ms)
			DisableScriptedObjects (0ms)
			BackupInstance (0ms)
			ReleaseScriptingObjects (0ms)
			CreateAndSetChildDomain (1ms)
		EndReloadAssembly (641ms)
			LoadAssemblies (72ms)
			RebuildTransferFunctionScriptingTraits (0ms)
			SetupTypeCache (114ms)
			ReleaseScriptCaches (0ms)
			RebuildScriptCaches (46ms)
			SetupLoadedEditorAssemblies (424ms)
				LogAssemblyErrors (0ms)
				InitializePlatformSupportModulesInManaged (15ms)
				SetLoadedEditorAssemblies (0ms)
				RefreshPlugins (119ms)
				BeforeProcessingInitializeOnLoad (1ms)
				ProcessInitializeOnLoadAttributes (221ms)
				ProcessInitializeOnLoadMethodAttributes (67ms)
				AfterProcessingInitializeOnLoad (0ms)
				EditorAssembliesLoaded (0ms)
			ExecutionOrderSort2 (0ms)
			AwakeInstancesAfterBackupRestoration (0ms)
Platform modules already initialized, skipping
Registering precompiled user dll's ...
Registered in 0.008847 seconds.
Begin MonoManager ReloadAssembly
Symbol file LoadedFromMemory doesn't match image C:\Users\Luzog\Workspace\Local\Unity\Projects\Cydroid\Unity Project\Cydroid - 2\Library\PackageCache\com.unity.visualscripting@1.7.6\Editor\VisualScripting.Core\Dependencies\YamlDotNet\Unity.VisualScripting.YamlDotNet.dll
Symbol file LoadedFromMemory doesn't match image C:\Users\Luzog\Workspace\Local\Unity\Projects\Cydroid\Unity Project\Cydroid - 2\Library\PackageCache\com.unity.visualscripting@1.7.6\Editor\VisualScripting.Core\Dependencies\DotNetZip\Unity.VisualScripting.IonicZip.dll
Native extension for WindowsStandalone target not found
Refreshing native plugins compatible for Editor in 117.86 ms, found 3 plugins.
Preloading 0 native plugins for Editor in 0.00 ms.
Mono: successfully reloaded assembly
- Completed reload, in  1.888 seconds
Domain Reload Profiling:
	ReloadAssembly (1889ms)
		BeginReloadAssembly (129ms)
			ExecutionOrderSort (0ms)
			DisableScriptedObjects (5ms)
			BackupInstance (0ms)
			ReleaseScriptingObjects (0ms)
			CreateAndSetChildDomain (19ms)
		EndReloadAssembly (1664ms)
			LoadAssemblies (84ms)
			RebuildTransferFunctionScriptingTraits (0ms)
			SetupTypeCache (309ms)
			ReleaseScriptCaches (1ms)
			RebuildScriptCaches (66ms)
			SetupLoadedEditorAssemblies (1157ms)
				LogAssemblyErrors (0ms)
				InitializePlatformSupportModulesInManaged (10ms)
				SetLoadedEditorAssemblies (0ms)
				RefreshPlugins (118ms)
				BeforeProcessingInitializeOnLoad (131ms)
				ProcessInitializeOnLoadAttributes (813ms)
				ProcessInitializeOnLoadMethodAttributes (76ms)
				AfterProcessingInitializeOnLoad (7ms)
				EditorAssembliesLoaded (0ms)
			ExecutionOrderSort2 (0ms)
			AwakeInstancesAfterBackupRestoration (5ms)
Platform modules already initialized, skipping
========================================================================
Worker process is ready to serve import requests
Launched and connected shader compiler UnityShaderCompiler.exe after 0.04 seconds
Refreshing native plugins compatible for Editor in 0.90 ms, found 3 plugins.
Preloading 0 native plugins for Editor in 0.00 ms.
Unloading 5652 Unused Serialized files (Serialized files now loaded: 0)
Unloading 62 unused Assets / (2.1 MB). Loaded Objects now: 6088.
Memory consumption went from 231.9 MB to 229.7 MB.
Total: 4.507800 ms (FindLiveObjects: 0.459200 ms CreateObjectMapping: 0.492000 ms MarkObjects: 3.034500 ms  DeleteObjects: 0.521300 ms)

AssetImportParameters requested are different than current active one (requested -> active):
  custom:video-decoder-ogg-theora: a1e56fd34408186e4bbccfd4996cb3dc -> 
  custom:container-muxer-webm: aa71ff27fc2769a1b78a27578f13a17b -> 
  custom:container-demuxer-webm: 4f35f7cbe854078d1ac9338744f61a02 -> 
  custom:video-encoder-webm-vp8: eb34c28f22e8b96e1ab97ce403110664 -> 
  custom:video-codec-MediaFoundation-h265: 746d11721c4dcdbdad8f713fa42b33f4 -> 
  custom:audio-encoder-webm-vorbis: bf7c407c2cedff20999df2af8eb42d56 -> 
  custom:framework-win-MediaFoundation: 216162199b28c13a410421893ffa2e32 -> 
  custom:container-demuxer-ogg: 62fdf1f143b41e24485cea50d1cbac27 -> 
  custom:video-decoder-webm-vp8: 9c59270c3fd7afecdb556c50c9e8de78 -> 
  custom:audio-decoder-ogg-vorbis: bf7c407c2cedff20999df2af8eb42d56 -> 
========================================================================
Received Import Request.
  Time since last request: 7059.993521 seconds.
  path: Assets/Animator.controller
  artifactKey: Guid(b5c2a000b1efe0a4e8dfdbf0c4b1fb81) Importer(815301076,1909f56bfc062723c751e8b465ee728b)
Start importing Assets/Animator.controller using Guid(b5c2a000b1efe0a4e8dfdbf0c4b1fb81) Importer(815301076,1909f56bfc062723c751e8b465ee728b)  -> (artifact id: '67ebfc3b3d610d6792c751b7aaa9d93d') in 0.050539 seconds 
========================================================================
Received Import Request.
  Time since last request: 323.731786 seconds.
  path: Assets/Animations
  artifactKey: Guid(c9b63eac9e4ebb347806f0de1a6125c7) Importer(815301076,1909f56bfc062723c751e8b465ee728b)
Start importing Assets/Animations using Guid(c9b63eac9e4ebb347806f0de1a6125c7) Importer(815301076,1909f56bfc062723c751e8b465ee728b)  -> (artifact id: 'ce623203fe78c0cca5c9067e14093a99') in 0.007972 seconds 
========================================================================
Received Import Request.
  Time since last request: 14.704914 seconds.
  path: Assets/Animations/DoorAnimator.controller
  artifactKey: Guid(b5c2a000b1efe0a4e8dfdbf0c4b1fb81) Importer(815301076,1909f56bfc062723c751e8b465ee728b)
Start importing Assets/Animations/DoorAnimator.controller using Guid(b5c2a000b1efe0a4e8dfdbf0c4b1fb81) Importer(815301076,1909f56bfc062723c751e8b465ee728b)  -> (artifact id: '746e3d0854a7ac696f6ea81e79ddf8f1') in 0.007018 seconds 
========================================================================
Received Import Request.
  Time since last request: 22.256276 seconds.
  path: Assets/Animations/DoorOpenClose.anim
  artifactKey: Guid(8d773059f0d913b489ba0a92624b411a) Importer(815301076,1909f56bfc062723c751e8b465ee728b)
Start importing Assets/Animations/DoorOpenClose.anim using Guid(8d773059f0d913b489ba0a92624b411a) Importer(815301076,1909f56bfc062723c751e8b465ee728b)  -> (artifact id: 'e42edf399850a3244085e2fd3f0ffb23') in 0.009301 seconds 
========================================================================
Received Import Request.
  Time since last request: 18.473458 seconds.
  path: Assets/Animations/DoorController.controller
  artifactKey: Guid(b5c2a000b1efe0a4e8dfdbf0c4b1fb81) Importer(815301076,1909f56bfc062723c751e8b465ee728b)
Start importing Assets/Animations/DoorController.controller using Guid(b5c2a000b1efe0a4e8dfdbf0c4b1fb81) Importer(815301076,1909f56bfc062723c751e8b465ee728b)  -> (artifact id: '390ffe53565a68cecb19fc841d323d9f') in 0.009521 seconds 
========================================================================
Received Import Request.
  Time since last request: 282.514635 seconds.
  path: Assets/Animations/Entry.controller
  artifactKey: Guid(45bc07e7feb2eab47a4237a5541eba46) Importer(815301076,1909f56bfc062723c751e8b465ee728b)
Start importing Assets/Animations/Entry.controller using Guid(45bc07e7feb2eab47a4237a5541eba46) Importer(815301076,1909f56bfc062723c751e8b465ee728b)  -> (artifact id: 'bba6f10e46f90301f4b7b761e5c519ee') in 0.007926 seconds 
========================================================================
Received Import Request.
  Time since last request: 133.951609 seconds.
  path: Assets/Animations/DoorOpenClose1.anim
  artifactKey: Guid(d732f70e0d5d16d47b86af7fc4963bde) Importer(815301076,1909f56bfc062723c751e8b465ee728b)
Start importing Assets/Animations/DoorOpenClose1.anim using Guid(d732f70e0d5d16d47b86af7fc4963bde) Importer(815301076,1909f56bfc062723c751e8b465ee728b)  -> (artifact id: '56b828530b3239c2f219586c9299c525') in 0.008814 seconds 
========================================================================
Received Import Request.
  Time since last request: 88.180415 seconds.
  path: Assets/Animations/DoorDoor.controller
  artifactKey: Guid(08c2e7c56a06ea1418bbe1e2080c251a) Importer(815301076,1909f56bfc062723c751e8b465ee728b)
Start importing Assets/Animations/DoorDoor.controller using Guid(08c2e7c56a06ea1418bbe1e2080c251a) Importer(815301076,1909f56bfc062723c751e8b465ee728b)  -> (artifact id: '4c72aa0075653e354d87897d4f585fc4') in 0.006712 seconds 
========================================================================
Received Prepare
Registering precompiled user dll's ...
Registered in 0.009654 seconds.
Begin MonoManager ReloadAssembly
Symbol file LoadedFromMemory doesn't match image C:\Users\Luzog\Workspace\Local\Unity\Projects\Cydroid\Unity Project\Cydroid - 2\Library\PackageCache\com.unity.visualscripting@1.7.6\Editor\VisualScripting.Core\Dependencies\YamlDotNet\Unity.VisualScripting.YamlDotNet.dll
Symbol file LoadedFromMemory doesn't match image C:\Users\Luzog\Workspace\Local\Unity\Projects\Cydroid\Unity Project\Cydroid - 2\Library\PackageCache\com.unity.visualscripting@1.7.6\Editor\VisualScripting.Core\Dependencies\DotNetZip\Unity.VisualScripting.IonicZip.dll
Native extension for WindowsStandalone target not found
Refreshing native plugins compatible for Editor in 1.21 ms, found 3 plugins.
Preloading 0 native plugins for Editor in 0.00 ms.
Mono: successfully reloaded assembly
- Completed reload, in  1.481 seconds
Domain Reload Profiling:
	ReloadAssembly (1482ms)
		BeginReloadAssembly (155ms)
			ExecutionOrderSort (0ms)
			DisableScriptedObjects (6ms)
			BackupInstance (0ms)
			ReleaseScriptingObjects (0ms)
			CreateAndSetChildDomain (45ms)
		EndReloadAssembly (1227ms)
			LoadAssemblies (106ms)
			RebuildTransferFunctionScriptingTraits (0ms)
			SetupTypeCache (348ms)
			ReleaseScriptCaches (3ms)
			RebuildScriptCaches (66ms)
			SetupLoadedEditorAssemblies (639ms)
				LogAssemblyErrors (0ms)
				InitializePlatformSupportModulesInManaged (13ms)
				SetLoadedEditorAssemblies (1ms)
				RefreshPlugins (1ms)
				BeforeProcessingInitializeOnLoad (106ms)
				ProcessInitializeOnLoadAttributes (425ms)
				ProcessInitializeOnLoadMethodAttributes (84ms)
				AfterProcessingInitializeOnLoad (9ms)
				EditorAssembliesLoaded (0ms)
			ExecutionOrderSort2 (0ms)
			AwakeInstancesAfterBackupRestoration (8ms)
Platform modules already initialized, skipping
Refreshing native plugins compatible for Editor in 1.09 ms, found 3 plugins.
Preloading 0 native plugins for Editor in 0.00 ms.
Unloading 5486 Unused Serialized files (Serialized files now loaded: 0)
Unloading 45 unused Assets / (2.1 MB). Loaded Objects now: 6104.
Memory consumption went from 219.2 MB to 217.1 MB.
Total: 6.546400 ms (FindLiveObjects: 0.527900 ms CreateObjectMapping: 0.760700 ms MarkObjects: 4.347500 ms  DeleteObjects: 0.908500 ms)

AssetImportParameters requested are different than current active one (requested -> active):
  custom:video-decoder-ogg-theora: a1e56fd34408186e4bbccfd4996cb3dc -> 
  custom:container-muxer-webm: aa71ff27fc2769a1b78a27578f13a17b -> 
  custom:container-demuxer-webm: 4f35f7cbe854078d1ac9338744f61a02 -> 
  custom:video-encoder-webm-vp8: eb34c28f22e8b96e1ab97ce403110664 -> 
  custom:video-codec-MediaFoundation-h265: 746d11721c4dcdbdad8f713fa42b33f4 -> 
  custom:audio-encoder-webm-vorbis: bf7c407c2cedff20999df2af8eb42d56 -> 
  custom:framework-win-MediaFoundation: 216162199b28c13a410421893ffa2e32 -> 
  custom:container-demuxer-ogg: 62fdf1f143b41e24485cea50d1cbac27 -> 
  custom:video-decoder-webm-vp8: 9c59270c3fd7afecdb556c50c9e8de78 -> 
  custom:audio-decoder-ogg-vorbis: bf7c407c2cedff20999df2af8eb42d56 -> 
========================================================================
Received Prepare
Registering precompiled user dll's ...
Registered in 0.009312 seconds.
Begin MonoManager ReloadAssembly
Symbol file LoadedFromMemory doesn't match image C:\Users\Luzog\Workspace\Local\Unity\Projects\Cydroid\Unity Project\Cydroid - 2\Library\PackageCache\com.unity.visualscripting@1.7.6\Editor\VisualScripting.Core\Dependencies\YamlDotNet\Unity.VisualScripting.YamlDotNet.dll
Symbol file LoadedFromMemory doesn't match image C:\Users\Luzog\Workspace\Local\Unity\Projects\Cydroid\Unity Project\Cydroid - 2\Library\PackageCache\com.unity.visualscripting@1.7.6\Editor\VisualScripting.Core\Dependencies\DotNetZip\Unity.VisualScripting.IonicZip.dll
Native extension for WindowsStandalone target not found
Refreshing native plugins compatible for Editor in 0.96 ms, found 3 plugins.
Preloading 0 native plugins for Editor in 0.00 ms.
Mono: successfully reloaded assembly
- Completed reload, in  1.470 seconds
Domain Reload Profiling:
	ReloadAssembly (1471ms)
		BeginReloadAssembly (167ms)
			ExecutionOrderSort (0ms)
			DisableScriptedObjects (5ms)
			BackupInstance (0ms)
			ReleaseScriptingObjects (0ms)
			CreateAndSetChildDomain (51ms)
		EndReloadAssembly (1206ms)
			LoadAssemblies (94ms)
			RebuildTransferFunctionScriptingTraits (0ms)
			SetupTypeCache (325ms)
			ReleaseScriptCaches (3ms)
			RebuildScriptCaches (59ms)
			SetupLoadedEditorAssemblies (664ms)
				LogAssemblyErrors (0ms)
				InitializePlatformSupportModulesInManaged (13ms)
				SetLoadedEditorAssemblies (0ms)
				RefreshPlugins (1ms)
				BeforeProcessingInitializeOnLoad (106ms)
				ProcessInitializeOnLoadAttributes (452ms)
				ProcessInitializeOnLoadMethodAttributes (82ms)
				AfterProcessingInitializeOnLoad (9ms)
				EditorAssembliesLoaded (0ms)
			ExecutionOrderSort2 (0ms)
			AwakeInstancesAfterBackupRestoration (8ms)
Platform modules already initialized, skipping
Refreshing native plugins compatible for Editor in 0.99 ms, found 3 plugins.
Preloading 0 native plugins for Editor in 0.00 ms.
Unloading 5485 Unused Serialized files (Serialized files now loaded: 0)
Unloading 45 unused Assets / (2.1 MB). Loaded Objects now: 6119.
Memory consumption went from 219.2 MB to 217.1 MB.
Total: 5.464600 ms (FindLiveObjects: 0.600700 ms CreateObjectMapping: 0.594900 ms MarkObjects: 3.617500 ms  DeleteObjects: 0.650200 ms)

AssetImportParameters requested are different than current active one (requested -> active):
  custom:video-decoder-ogg-theora: a1e56fd34408186e4bbccfd4996cb3dc -> 
  custom:container-muxer-webm: aa71ff27fc2769a1b78a27578f13a17b -> 
  custom:container-demuxer-webm: 4f35f7cbe854078d1ac9338744f61a02 -> 
  custom:video-encoder-webm-vp8: eb34c28f22e8b96e1ab97ce403110664 -> 
  custom:video-codec-MediaFoundation-h265: 746d11721c4dcdbdad8f713fa42b33f4 -> 
  custom:audio-encoder-webm-vorbis: bf7c407c2cedff20999df2af8eb42d56 -> 
  custom:framework-win-MediaFoundation: 216162199b28c13a410421893ffa2e32 -> 
  custom:container-demuxer-ogg: 62fdf1f143b41e24485cea50d1cbac27 -> 
  custom:video-decoder-webm-vp8: 9c59270c3fd7afecdb556c50c9e8de78 -> 
  custom:audio-decoder-ogg-vorbis: bf7c407c2cedff20999df2af8eb42d56 -> 
========================================================================
Received Prepare
Registering precompiled user dll's ...
Registered in 0.009593 seconds.
Begin MonoManager ReloadAssembly
Symbol file LoadedFromMemory doesn't match image C:\Users\Luzog\Workspace\Local\Unity\Projects\Cydroid\Unity Project\Cydroid - 2\Library\PackageCache\com.unity.visualscripting@1.7.6\Editor\VisualScripting.Core\Dependencies\YamlDotNet\Unity.VisualScripting.YamlDotNet.dll
Symbol file LoadedFromMemory doesn't match image C:\Users\Luzog\Workspace\Local\Unity\Projects\Cydroid\Unity Project\Cydroid - 2\Library\PackageCache\com.unity.visualscripting@1.7.6\Editor\VisualScripting.Core\Dependencies\DotNetZip\Unity.VisualScripting.IonicZip.dll
Native extension for WindowsStandalone target not found
Refreshing native plugins compatible for Editor in 0.91 ms, found 3 plugins.
Preloading 0 native plugins for Editor in 0.00 ms.
Mono: successfully reloaded assembly
- Completed reload, in  1.466 seconds
Domain Reload Profiling:
	ReloadAssembly (1467ms)
		BeginReloadAssembly (165ms)
			ExecutionOrderSort (0ms)
			DisableScriptedObjects (6ms)
			BackupInstance (0ms)
			ReleaseScriptingObjects (0ms)
			CreateAndSetChildDomain (49ms)
		EndReloadAssembly (1205ms)
			LoadAssemblies (98ms)
			RebuildTransferFunctionScriptingTraits (0ms)
			SetupTypeCache (315ms)
			ReleaseScriptCaches (2ms)
			RebuildScriptCaches (61ms)
			SetupLoadedEditorAssemblies (679ms)
				LogAssemblyErrors (0ms)
				InitializePlatformSupportModulesInManaged (13ms)
				SetLoadedEditorAssemblies (0ms)
				RefreshPlugins (1ms)
				BeforeProcessingInitializeOnLoad (110ms)
				ProcessInitializeOnLoadAttributes (458ms)
				ProcessInitializeOnLoadMethodAttributes (88ms)
				AfterProcessingInitializeOnLoad (8ms)
				EditorAssembliesLoaded (0ms)
			ExecutionOrderSort2 (0ms)
			AwakeInstancesAfterBackupRestoration (9ms)
Platform modules already initialized, skipping
Refreshing native plugins compatible for Editor in 0.98 ms, found 3 plugins.
Preloading 0 native plugins for Editor in 0.00 ms.
Unloading 5485 Unused Serialized files (Serialized files now loaded: 0)
Unloading 45 unused Assets / (2.1 MB). Loaded Objects now: 6134.
Memory consumption went from 219.2 MB to 217.1 MB.
Total: 5.250600 ms (FindLiveObjects: 0.558400 ms CreateObjectMapping: 0.486300 ms MarkObjects: 3.159100 ms  DeleteObjects: 1.045500 ms)

AssetImportParameters requested are different than current active one (requested -> active):
  custom:video-decoder-ogg-theora: a1e56fd34408186e4bbccfd4996cb3dc -> 
  custom:container-muxer-webm: aa71ff27fc2769a1b78a27578f13a17b -> 
  custom:container-demuxer-webm: 4f35f7cbe854078d1ac9338744f61a02 -> 
  custom:video-encoder-webm-vp8: eb34c28f22e8b96e1ab97ce403110664 -> 
  custom:video-codec-MediaFoundation-h265: 746d11721c4dcdbdad8f713fa42b33f4 -> 
  custom:audio-encoder-webm-vorbis: bf7c407c2cedff20999df2af8eb42d56 -> 
  custom:framework-win-MediaFoundation: 216162199b28c13a410421893ffa2e32 -> 
  custom:container-demuxer-ogg: 62fdf1f143b41e24485cea50d1cbac27 -> 
  custom:video-decoder-webm-vp8: 9c59270c3fd7afecdb556c50c9e8de78 -> 
  custom:audio-decoder-ogg-vorbis: bf7c407c2cedff20999df2af8eb42d56 -> 
========================================================================
Received Prepare
Registering precompiled user dll's ...
Registered in 0.009369 seconds.
Begin MonoManager ReloadAssembly
Symbol file LoadedFromMemory doesn't match image C:\Users\Luzog\Workspace\Local\Unity\Projects\Cydroid\Unity Project\Cydroid - 2\Library\PackageCache\com.unity.visualscripting@1.7.6\Editor\VisualScripting.Core\Dependencies\YamlDotNet\Unity.VisualScripting.YamlDotNet.dll
Symbol file LoadedFromMemory doesn't match image C:\Users\Luzog\Workspace\Local\Unity\Projects\Cydroid\Unity Project\Cydroid - 2\Library\PackageCache\com.unity.visualscripting@1.7.6\Editor\VisualScripting.Core\Dependencies\DotNetZip\Unity.VisualScripting.IonicZip.dll
Native extension for WindowsStandalone target not found
Refreshing native plugins compatible for Editor in 1.36 ms, found 3 plugins.
Preloading 0 native plugins for Editor in 0.00 ms.
Mono: successfully reloaded assembly
- Completed reload, in  1.458 seconds
Domain Reload Profiling:
	ReloadAssembly (1459ms)
		BeginReloadAssembly (166ms)
			ExecutionOrderSort (0ms)
			DisableScriptedObjects (5ms)
			BackupInstance (0ms)
			ReleaseScriptingObjects (0ms)
			CreateAndSetChildDomain (42ms)
		EndReloadAssembly (1193ms)
			LoadAssemblies (88ms)
			RebuildTransferFunctionScriptingTraits (0ms)
			SetupTypeCache (332ms)
			ReleaseScriptCaches (2ms)
			RebuildScriptCaches (70ms)
			SetupLoadedEditorAssemblies (640ms)
				LogAssemblyErrors (0ms)
				InitializePlatformSupportModulesInManaged (13ms)
				SetLoadedEditorAssemblies (1ms)
				RefreshPlugins (1ms)
				BeforeProcessingInitializeOnLoad (109ms)
				ProcessInitializeOnLoadAttributes (428ms)
				ProcessInitializeOnLoadMethodAttributes (80ms)
				AfterProcessingInitializeOnLoad (8ms)
				EditorAssembliesLoaded (0ms)
			ExecutionOrderSort2 (0ms)
			AwakeInstancesAfterBackupRestoration (8ms)
Platform modules already initialized, skipping
Refreshing native plugins compatible for Editor in 1.57 ms, found 3 plugins.
Preloading 0 native plugins for Editor in 0.00 ms.
Unloading 5485 Unused Serialized files (Serialized files now loaded: 0)
Unloading 45 unused Assets / (2.1 MB). Loaded Objects now: 6149.
Memory consumption went from 219.2 MB to 217.1 MB.
Total: 4.573400 ms (FindLiveObjects: 0.551100 ms CreateObjectMapping: 0.481000 ms MarkObjects: 2.977000 ms  DeleteObjects: 0.562900 ms)

AssetImportParameters requested are different than current active one (requested -> active):
  custom:video-decoder-ogg-theora: a1e56fd34408186e4bbccfd4996cb3dc -> 
  custom:container-muxer-webm: aa71ff27fc2769a1b78a27578f13a17b -> 
  custom:container-demuxer-webm: 4f35f7cbe854078d1ac9338744f61a02 -> 
  custom:video-encoder-webm-vp8: eb34c28f22e8b96e1ab97ce403110664 -> 
  custom:video-codec-MediaFoundation-h265: 746d11721c4dcdbdad8f713fa42b33f4 -> 
  custom:audio-encoder-webm-vorbis: bf7c407c2cedff20999df2af8eb42d56 -> 
  custom:framework-win-MediaFoundation: 216162199b28c13a410421893ffa2e32 -> 
  custom:container-demuxer-ogg: 62fdf1f143b41e24485cea50d1cbac27 -> 
  custom:video-decoder-webm-vp8: 9c59270c3fd7afecdb556c50c9e8de78 -> 
  custom:audio-decoder-ogg-vorbis: bf7c407c2cedff20999df2af8eb42d56 -> 
========================================================================
Received Prepare
Registering precompiled user dll's ...
Registered in 0.009033 seconds.
Begin MonoManager ReloadAssembly
Symbol file LoadedFromMemory doesn't match image C:\Users\Luzog\Workspace\Local\Unity\Projects\Cydroid\Unity Project\Cydroid - 2\Library\PackageCache\com.unity.visualscripting@1.7.6\Editor\VisualScripting.Core\Dependencies\YamlDotNet\Unity.VisualScripting.YamlDotNet.dll
Symbol file LoadedFromMemory doesn't match image C:\Users\Luzog\Workspace\Local\Unity\Projects\Cydroid\Unity Project\Cydroid - 2\Library\PackageCache\com.unity.visualscripting@1.7.6\Editor\VisualScripting.Core\Dependencies\DotNetZip\Unity.VisualScripting.IonicZip.dll
Native extension for WindowsStandalone target not found
Refreshing native plugins compatible for Editor in 0.92 ms, found 3 plugins.
Preloading 0 native plugins for Editor in 0.00 ms.
Mono: successfully reloaded assembly
- Completed reload, in  1.435 seconds
Domain Reload Profiling:
	ReloadAssembly (1436ms)
		BeginReloadAssembly (141ms)
			ExecutionOrderSort (0ms)
			DisableScriptedObjects (6ms)
			BackupInstance (0ms)
			ReleaseScriptingObjects (0ms)
			CreateAndSetChildDomain (43ms)
		EndReloadAssembly (1188ms)
			LoadAssemblies (95ms)
			RebuildTransferFunctionScriptingTraits (0ms)
			SetupTypeCache (320ms)
			ReleaseScriptCaches (2ms)
			RebuildScriptCaches (59ms)
			SetupLoadedEditorAssemblies (650ms)
				LogAssemblyErrors (0ms)
				InitializePlatformSupportModulesInManaged (14ms)
				SetLoadedEditorAssemblies (1ms)
				RefreshPlugins (1ms)
				BeforeProcessingInitializeOnLoad (106ms)
				ProcessInitializeOnLoadAttributes (435ms)
				ProcessInitializeOnLoadMethodAttributes (85ms)
				AfterProcessingInitializeOnLoad (9ms)
				EditorAssembliesLoaded (0ms)
			ExecutionOrderSort2 (0ms)
			AwakeInstancesAfterBackupRestoration (9ms)
Platform modules already initialized, skipping
Refreshing native plugins compatible for Editor in 1.32 ms, found 3 plugins.
Preloading 0 native plugins for Editor in 0.00 ms.
Unloading 5485 Unused Serialized files (Serialized files now loaded: 0)
Unloading 45 unused Assets / (2.1 MB). Loaded Objects now: 6164.
Memory consumption went from 219.1 MB to 217.0 MB.
Total: 5.083700 ms (FindLiveObjects: 0.872300 ms CreateObjectMapping: 0.525500 ms MarkObjects: 3.056400 ms  DeleteObjects: 0.627700 ms)

AssetImportParameters requested are different than current active one (requested -> active):
  custom:video-decoder-ogg-theora: a1e56fd34408186e4bbccfd4996cb3dc -> 
  custom:container-muxer-webm: aa71ff27fc2769a1b78a27578f13a17b -> 
  custom:container-demuxer-webm: 4f35f7cbe854078d1ac9338744f61a02 -> 
  custom:video-encoder-webm-vp8: eb34c28f22e8b96e1ab97ce403110664 -> 
  custom:video-codec-MediaFoundation-h265: 746d11721c4dcdbdad8f713fa42b33f4 -> 
  custom:audio-encoder-webm-vorbis: bf7c407c2cedff20999df2af8eb42d56 -> 
  custom:framework-win-MediaFoundation: 216162199b28c13a410421893ffa2e32 -> 
  custom:container-demuxer-ogg: 62fdf1f143b41e24485cea50d1cbac27 -> 
  custom:video-decoder-webm-vp8: 9c59270c3fd7afecdb556c50c9e8de78 -> 
  custom:audio-decoder-ogg-vorbis: bf7c407c2cedff20999df2af8eb42d56 -> 
========================================================================
Received Prepare
Registering precompiled user dll's ...
Registered in 0.009196 seconds.
Begin MonoManager ReloadAssembly
Symbol file LoadedFromMemory doesn't match image C:\Users\Luzog\Workspace\Local\Unity\Projects\Cydroid\Unity Project\Cydroid - 2\Library\PackageCache\com.unity.visualscripting@1.7.6\Editor\VisualScripting.Core\Dependencies\YamlDotNet\Unity.VisualScripting.YamlDotNet.dll
Symbol file LoadedFromMemory doesn't match image C:\Users\Luzog\Workspace\Local\Unity\Projects\Cydroid\Unity Project\Cydroid - 2\Library\PackageCache\com.unity.visualscripting@1.7.6\Editor\VisualScripting.Core\Dependencies\DotNetZip\Unity.VisualScripting.IonicZip.dll
Native extension for WindowsStandalone target not found
Refreshing native plugins compatible for Editor in 0.93 ms, found 3 plugins.
Preloading 0 native plugins for Editor in 0.00 ms.
Mono: successfully reloaded assembly
- Completed reload, in  1.438 seconds
Domain Reload Profiling:
	ReloadAssembly (1439ms)
		BeginReloadAssembly (134ms)
			ExecutionOrderSort (0ms)
			DisableScriptedObjects (6ms)
			BackupInstance (0ms)
			ReleaseScriptingObjects (0ms)
			CreateAndSetChildDomain (45ms)
		EndReloadAssembly (1188ms)
			LoadAssemblies (94ms)
			RebuildTransferFunctionScriptingTraits (0ms)
			SetupTypeCache (332ms)
			ReleaseScriptCaches (3ms)
			RebuildScriptCaches (59ms)
			SetupLoadedEditorAssemblies (641ms)
				LogAssemblyErrors (0ms)
				InitializePlatformSupportModulesInManaged (13ms)
				SetLoadedEditorAssemblies (1ms)
				RefreshPlugins (1ms)
				BeforeProcessingInitializeOnLoad (104ms)
				ProcessInitializeOnLoadAttributes (433ms)
				ProcessInitializeOnLoadMethodAttributes (81ms)
				AfterProcessingInitializeOnLoad (8ms)
				EditorAssembliesLoaded (0ms)
			ExecutionOrderSort2 (0ms)
			AwakeInstancesAfterBackupRestoration (8ms)
Platform modules already initialized, skipping
Refreshing native plugins compatible for Editor in 0.95 ms, found 3 plugins.
Preloading 0 native plugins for Editor in 0.00 ms.
Unloading 5485 Unused Serialized files (Serialized files now loaded: 0)
Unloading 45 unused Assets / (2.1 MB). Loaded Objects now: 6179.
Memory consumption went from 219.1 MB to 217.0 MB.
Total: 5.957900 ms (FindLiveObjects: 0.532100 ms CreateObjectMapping: 0.640800 ms MarkObjects: 4.165700 ms  DeleteObjects: 0.618200 ms)

AssetImportParameters requested are different than current active one (requested -> active):
  custom:video-decoder-ogg-theora: a1e56fd34408186e4bbccfd4996cb3dc -> 
  custom:container-muxer-webm: aa71ff27fc2769a1b78a27578f13a17b -> 
  custom:container-demuxer-webm: 4f35f7cbe854078d1ac9338744f61a02 -> 
  custom:video-encoder-webm-vp8: eb34c28f22e8b96e1ab97ce403110664 -> 
  custom:video-codec-MediaFoundation-h265: 746d11721c4dcdbdad8f713fa42b33f4 -> 
  custom:audio-encoder-webm-vorbis: bf7c407c2cedff20999df2af8eb42d56 -> 
  custom:framework-win-MediaFoundation: 216162199b28c13a410421893ffa2e32 -> 
  custom:container-demuxer-ogg: 62fdf1f143b41e24485cea50d1cbac27 -> 
  custom:video-decoder-webm-vp8: 9c59270c3fd7afecdb556c50c9e8de78 -> 
  custom:audio-decoder-ogg-vorbis: bf7c407c2cedff20999df2af8eb42d56 -> 
========================================================================
Received Prepare
Registering precompiled user dll's ...
Registered in 0.008979 seconds.
Begin MonoManager ReloadAssembly
Symbol file LoadedFromMemory doesn't match image C:\Users\Luzog\Workspace\Local\Unity\Projects\Cydroid\Unity Project\Cydroid - 2\Library\PackageCache\com.unity.visualscripting@1.7.6\Editor\VisualScripting.Core\Dependencies\YamlDotNet\Unity.VisualScripting.YamlDotNet.dll
Symbol file LoadedFromMemory doesn't match image C:\Users\Luzog\Workspace\Local\Unity\Projects\Cydroid\Unity Project\Cydroid - 2\Library\PackageCache\com.unity.visualscripting@1.7.6\Editor\VisualScripting.Core\Dependencies\DotNetZip\Unity.VisualScripting.IonicZip.dll
Native extension for WindowsStandalone target not found
Refreshing native plugins compatible for Editor in 1.05 ms, found 3 plugins.
Preloading 0 native plugins for Editor in 0.00 ms.
Mono: successfully reloaded assembly
- Completed reload, in  1.466 seconds
Domain Reload Profiling:
	ReloadAssembly (1467ms)
		BeginReloadAssembly (161ms)
			ExecutionOrderSort (0ms)
			DisableScriptedObjects (5ms)
			BackupInstance (0ms)
			ReleaseScriptingObjects (0ms)
			CreateAndSetChildDomain (41ms)
		EndReloadAssembly (1204ms)
			LoadAssemblies (90ms)
			RebuildTransferFunctionScriptingTraits (0ms)
			SetupTypeCache (338ms)
			ReleaseScriptCaches (2ms)
			RebuildScriptCaches (59ms)
			SetupLoadedEditorAssemblies (647ms)
				LogAssemblyErrors (0ms)
				InitializePlatformSupportModulesInManaged (14ms)
				SetLoadedEditorAssemblies (1ms)
				RefreshPlugins (1ms)
				BeforeProcessingInitializeOnLoad (108ms)
				ProcessInitializeOnLoadAttributes (434ms)
				ProcessInitializeOnLoadMethodAttributes (81ms)
				AfterProcessingInitializeOnLoad (8ms)
				EditorAssembliesLoaded (0ms)
			ExecutionOrderSort2 (0ms)
			AwakeInstancesAfterBackupRestoration (9ms)
Platform modules already initialized, skipping
Refreshing native plugins compatible for Editor in 1.04 ms, found 3 plugins.
Preloading 0 native plugins for Editor in 0.00 ms.
Unloading 5485 Unused Serialized files (Serialized files now loaded: 0)
Unloading 45 unused Assets / (2.1 MB). Loaded Objects now: 6194.
Memory consumption went from 219.1 MB to 217.0 MB.
Total: 6.954200 ms (FindLiveObjects: 0.509100 ms CreateObjectMapping: 0.442200 ms MarkObjects: 5.055200 ms  DeleteObjects: 0.945800 ms)

AssetImportParameters requested are different than current active one (requested -> active):
  custom:video-decoder-ogg-theora: a1e56fd34408186e4bbccfd4996cb3dc -> 
  custom:container-muxer-webm: aa71ff27fc2769a1b78a27578f13a17b -> 
  custom:container-demuxer-webm: 4f35f7cbe854078d1ac9338744f61a02 -> 
  custom:video-encoder-webm-vp8: eb34c28f22e8b96e1ab97ce403110664 -> 
  custom:video-codec-MediaFoundation-h265: 746d11721c4dcdbdad8f713fa42b33f4 -> 
  custom:audio-encoder-webm-vorbis: bf7c407c2cedff20999df2af8eb42d56 -> 
  custom:framework-win-MediaFoundation: 216162199b28c13a410421893ffa2e32 -> 
  custom:container-demuxer-ogg: 62fdf1f143b41e24485cea50d1cbac27 -> 
  custom:video-decoder-webm-vp8: 9c59270c3fd7afecdb556c50c9e8de78 -> 
  custom:audio-decoder-ogg-vorbis: bf7c407c2cedff20999df2af8eb42d56 -> 
========================================================================
Received Import Request.
  Time since last request: 2526.464875 seconds.
  path: Assets/Door.prefab
  artifactKey: Guid(ee77a912c7d5d5f4c9507d286fa00604) Importer(815301076,1909f56bfc062723c751e8b465ee728b)
Start importing Assets/Door.prefab using Guid(ee77a912c7d5d5f4c9507d286fa00604) Importer(815301076,1909f56bfc062723c751e8b465ee728b)  -> (artifact id: '53a44c8c22563fc12baf235b93c0fbbc') in 0.407863 seconds 
========================================================================
Received Import Request.
  Time since last request: 105.991348 seconds.
  path: Assets/Door.prefab
  artifactKey: Guid(ee77a912c7d5d5f4c9507d286fa00604) Importer(815301076,1909f56bfc062723c751e8b465ee728b)
Start importing Assets/Door.prefab using Guid(ee77a912c7d5d5f4c9507d286fa00604) Importer(815301076,1909f56bfc062723c751e8b465ee728b)  -> (artifact id: '7cbef59442eb9ae364ac36a82cd4ab6e') in 0.021821 seconds 
========================================================================
Received Prepare
Registering precompiled user dll's ...
Registered in 0.009453 seconds.
Begin MonoManager ReloadAssembly
Symbol file LoadedFromMemory doesn't match image C:\Users\Luzog\Workspace\Local\Unity\Projects\Cydroid\Unity Project\Cydroid - 2\Library\PackageCache\com.unity.visualscripting@1.7.6\Editor\VisualScripting.Core\Dependencies\YamlDotNet\Unity.VisualScripting.YamlDotNet.dll
Symbol file LoadedFromMemory doesn't match image C:\Users\Luzog\Workspace\Local\Unity\Projects\Cydroid\Unity Project\Cydroid - 2\Library\PackageCache\com.unity.visualscripting@1.7.6\Editor\VisualScripting.Core\Dependencies\DotNetZip\Unity.VisualScripting.IonicZip.dll
Native extension for WindowsStandalone target not found
Refreshing native plugins compatible for Editor in 1.25 ms, found 3 plugins.
Preloading 0 native plugins for Editor in 0.00 ms.
Mono: successfully reloaded assembly
- Completed reload, in  1.629 seconds
Domain Reload Profiling:
	ReloadAssembly (1631ms)
		BeginReloadAssembly (194ms)
			ExecutionOrderSort (0ms)
			DisableScriptedObjects (8ms)
			BackupInstance (0ms)
			ReleaseScriptingObjects (0ms)
			CreateAndSetChildDomain (53ms)
		EndReloadAssembly (1335ms)
			LoadAssemblies (102ms)
			RebuildTransferFunctionScriptingTraits (0ms)
			SetupTypeCache (332ms)
			ReleaseScriptCaches (3ms)
			RebuildScriptCaches (81ms)
			SetupLoadedEditorAssemblies (709ms)
				LogAssemblyErrors (0ms)
				InitializePlatformSupportModulesInManaged (16ms)
				SetLoadedEditorAssemblies (1ms)
				RefreshPlugins (1ms)
				BeforeProcessingInitializeOnLoad (110ms)
				ProcessInitializeOnLoadAttributes (482ms)
				ProcessInitializeOnLoadMethodAttributes (90ms)
				AfterProcessingInitializeOnLoad (8ms)
				EditorAssembliesLoaded (0ms)
			ExecutionOrderSort2 (0ms)
			AwakeInstancesAfterBackupRestoration (15ms)
Platform modules already initialized, skipping
Refreshing native plugins compatible for Editor in 1.26 ms, found 3 plugins.
Preloading 0 native plugins for Editor in 0.00 ms.
Unloading 5492 Unused Serialized files (Serialized files now loaded: 0)
Unloading 42 unused Assets / (1.7 MB). Loaded Objects now: 6272.
Memory consumption went from 228.1 MB to 226.4 MB.
Total: 6.405100 ms (FindLiveObjects: 0.966900 ms CreateObjectMapping: 1.106100 ms MarkObjects: 3.839600 ms  DeleteObjects: 0.490800 ms)

AssetImportParameters requested are different than current active one (requested -> active):
  custom:video-decoder-ogg-theora: a1e56fd34408186e4bbccfd4996cb3dc -> 
  custom:container-muxer-webm: aa71ff27fc2769a1b78a27578f13a17b -> 
  custom:container-demuxer-webm: 4f35f7cbe854078d1ac9338744f61a02 -> 
  custom:video-encoder-webm-vp8: eb34c28f22e8b96e1ab97ce403110664 -> 
  custom:video-codec-MediaFoundation-h265: 746d11721c4dcdbdad8f713fa42b33f4 -> 
  custom:audio-encoder-webm-vorbis: bf7c407c2cedff20999df2af8eb42d56 -> 
  custom:framework-win-MediaFoundation: 216162199b28c13a410421893ffa2e32 -> 
  custom:container-demuxer-ogg: 62fdf1f143b41e24485cea50d1cbac27 -> 
  custom:video-decoder-webm-vp8: 9c59270c3fd7afecdb556c50c9e8de78 -> 
  custom:audio-decoder-ogg-vorbis: bf7c407c2cedff20999df2af8eb42d56 -> 
========================================================================
Received Import Request.
  Time since last request: 224.349477 seconds.
  path: Assets/Animations/Door1.controller
  artifactKey: Guid(b5c2a000b1efe0a4e8dfdbf0c4b1fb81) Importer(815301076,1909f56bfc062723c751e8b465ee728b)
Start importing Assets/Animations/Door1.controller using Guid(b5c2a000b1efe0a4e8dfdbf0c4b1fb81) Importer(815301076,1909f56bfc062723c751e8b465ee728b)  -> (artifact id: '08aa48543660790722840797c06213e9') in 0.040873 seconds 
========================================================================
Received Import Request.
  Time since last request: 53.341967 seconds.
  path: Assets/Animations/Door1 1.controller
  artifactKey: Guid(6eb4c312af396ea49a3161578425f9e0) Importer(815301076,1909f56bfc062723c751e8b465ee728b)
Start importing Assets/Animations/Door1 1.controller using Guid(6eb4c312af396ea49a3161578425f9e0) Importer(815301076,1909f56bfc062723c751e8b465ee728b)  -> (artifact id: '199b21bf59e4715bab1ee66c3ac44b10') in 0.009273 seconds 
========================================================================
Received Import Request.
  Time since last request: 7.860555 seconds.
  path: Assets/Animations/Door 1.controller
  artifactKey: Guid(6eb4c312af396ea49a3161578425f9e0) Importer(815301076,1909f56bfc062723c751e8b465ee728b)
Start importing Assets/Animations/Door 1.controller using Guid(6eb4c312af396ea49a3161578425f9e0) Importer(815301076,1909f56bfc062723c751e8b465ee728b)  -> (artifact id: 'd8e7ae6192df1c65598bfe6fe94090fc') in 0.007749 seconds 
========================================================================
Received Import Request.
  Time since last request: 1.198650 seconds.
  path: Assets/Animations/Door1.controller
  artifactKey: Guid(b5c2a000b1efe0a4e8dfdbf0c4b1fb81) Importer(815301076,1909f56bfc062723c751e8b465ee728b)
Start importing Assets/Animations/Door1.controller using Guid(b5c2a000b1efe0a4e8dfdbf0c4b1fb81) Importer(815301076,1909f56bfc062723c751e8b465ee728b)  -> (artifact id: '781ecf409b5d4b64b42f6e14a474d356') in 0.003560 seconds 
========================================================================
Received Import Request.
  Time since last request: 5.565920 seconds.
  path: Assets/Animations/Door 2.controller
  artifactKey: Guid(b5c2a000b1efe0a4e8dfdbf0c4b1fb81) Importer(815301076,1909f56bfc062723c751e8b465ee728b)
Start importing Assets/Animations/Door 2.controller using Guid(b5c2a000b1efe0a4e8dfdbf0c4b1fb81) Importer(815301076,1909f56bfc062723c751e8b465ee728b)  -> (artifact id: '6e0d4b7e66cb8e2257491270e1602941') in 0.006854 seconds 
========================================================================
Received Import Request.
  Time since last request: 2.745738 seconds.
  path: Assets/Animations/Door 3.controller
  artifactKey: Guid(1b0be2b7ad0e4704c95abc40e6cb3550) Importer(815301076,1909f56bfc062723c751e8b465ee728b)
Start importing Assets/Animations/Door 3.controller using Guid(1b0be2b7ad0e4704c95abc40e6cb3550) Importer(815301076,1909f56bfc062723c751e8b465ee728b)  -> (artifact id: '4a3a13e60c809c5c98142ec4ad893efc') in 0.008520 seconds 
========================================================================
Received Prepare
Registering precompiled user dll's ...
Registered in 0.010319 seconds.
Begin MonoManager ReloadAssembly
Symbol file LoadedFromMemory doesn't match image C:\Users\Luzog\Workspace\Local\Unity\Projects\Cydroid\Unity Project\Cydroid - 2\Library\PackageCache\com.unity.visualscripting@1.7.6\Editor\VisualScripting.Core\Dependencies\YamlDotNet\Unity.VisualScripting.YamlDotNet.dll
Symbol file LoadedFromMemory doesn't match image C:\Users\Luzog\Workspace\Local\Unity\Projects\Cydroid\Unity Project\Cydroid - 2\Library\PackageCache\com.unity.visualscripting@1.7.6\Editor\VisualScripting.Core\Dependencies\DotNetZip\Unity.VisualScripting.IonicZip.dll
Native extension for WindowsStandalone target not found
Refreshing native plugins compatible for Editor in 1.12 ms, found 3 plugins.
Preloading 0 native plugins for Editor in 0.00 ms.
Mono: successfully reloaded assembly
- Completed reload, in  1.639 seconds
Domain Reload Profiling:
	ReloadAssembly (1641ms)
		BeginReloadAssembly (173ms)
			ExecutionOrderSort (0ms)
			DisableScriptedObjects (6ms)
			BackupInstance (0ms)
			ReleaseScriptingObjects (0ms)
			CreateAndSetChildDomain (48ms)
		EndReloadAssembly (1362ms)
			LoadAssemblies (100ms)
			RebuildTransferFunctionScriptingTraits (0ms)
			SetupTypeCache (371ms)
			ReleaseScriptCaches (2ms)
			RebuildScriptCaches (64ms)
			SetupLoadedEditorAssemblies (734ms)
				LogAssemblyErrors (0ms)
				InitializePlatformSupportModulesInManaged (15ms)
				SetLoadedEditorAssemblies (0ms)
				RefreshPlugins (1ms)
				BeforeProcessingInitializeOnLoad (156ms)
				ProcessInitializeOnLoadAttributes (460ms)
				ProcessInitializeOnLoadMethodAttributes (91ms)
				AfterProcessingInitializeOnLoad (10ms)
				EditorAssembliesLoaded (0ms)
			ExecutionOrderSort2 (0ms)
			AwakeInstancesAfterBackupRestoration (16ms)
Platform modules already initialized, skipping
Refreshing native plugins compatible for Editor in 1.07 ms, found 3 plugins.
Preloading 0 native plugins for Editor in 0.00 ms.
Unloading 5482 Unused Serialized files (Serialized files now loaded: 0)
Unloading 42 unused Assets / (1.7 MB). Loaded Objects now: 6287.
Memory consumption went from 227.3 MB to 225.6 MB.
Total: 6.825000 ms (FindLiveObjects: 0.549900 ms CreateObjectMapping: 0.501300 ms MarkObjects: 5.201400 ms  DeleteObjects: 0.570900 ms)

AssetImportParameters requested are different than current active one (requested -> active):
  custom:video-decoder-ogg-theora: a1e56fd34408186e4bbccfd4996cb3dc -> 
  custom:container-muxer-webm: aa71ff27fc2769a1b78a27578f13a17b -> 
  custom:container-demuxer-webm: 4f35f7cbe854078d1ac9338744f61a02 -> 
  custom:video-encoder-webm-vp8: eb34c28f22e8b96e1ab97ce403110664 -> 
  custom:video-codec-MediaFoundation-h265: 746d11721c4dcdbdad8f713fa42b33f4 -> 
  custom:audio-encoder-webm-vorbis: bf7c407c2cedff20999df2af8eb42d56 -> 
  custom:framework-win-MediaFoundation: 216162199b28c13a410421893ffa2e32 -> 
  custom:container-demuxer-ogg: 62fdf1f143b41e24485cea50d1cbac27 -> 
  custom:video-decoder-webm-vp8: 9c59270c3fd7afecdb556c50c9e8de78 -> 
  custom:audio-decoder-ogg-vorbis: bf7c407c2cedff20999df2af8eb42d56 -> 
========================================================================
Received Prepare
Registering precompiled user dll's ...
Registered in 0.008999 seconds.
Begin MonoManager ReloadAssembly
Symbol file LoadedFromMemory doesn't match image C:\Users\Luzog\Workspace\Local\Unity\Projects\Cydroid\Unity Project\Cydroid - 2\Library\PackageCache\com.unity.visualscripting@1.7.6\Editor\VisualScripting.Core\Dependencies\YamlDotNet\Unity.VisualScripting.YamlDotNet.dll
Symbol file LoadedFromMemory doesn't match image C:\Users\Luzog\Workspace\Local\Unity\Projects\Cydroid\Unity Project\Cydroid - 2\Library\PackageCache\com.unity.visualscripting@1.7.6\Editor\VisualScripting.Core\Dependencies\DotNetZip\Unity.VisualScripting.IonicZip.dll
Native extension for WindowsStandalone target not found
Refreshing native plugins compatible for Editor in 0.93 ms, found 3 plugins.
Preloading 0 native plugins for Editor in 0.00 ms.
Mono: successfully reloaded assembly
- Completed reload, in  1.566 seconds
Domain Reload Profiling:
	ReloadAssembly (1567ms)
		BeginReloadAssembly (134ms)
			ExecutionOrderSort (0ms)
			DisableScriptedObjects (8ms)
			BackupInstance (0ms)
			ReleaseScriptingObjects (0ms)
			CreateAndSetChildDomain (43ms)
		EndReloadAssembly (1329ms)
			LoadAssemblies (108ms)
			RebuildTransferFunctionScriptingTraits (0ms)
			SetupTypeCache (364ms)
			ReleaseScriptCaches (2ms)
			RebuildScriptCaches (64ms)
			SetupLoadedEditorAssemblies (706ms)
				LogAssemblyErrors (0ms)
				InitializePlatformSupportModulesInManaged (14ms)
				SetLoadedEditorAssemblies (1ms)
				RefreshPlugins (1ms)
				BeforeProcessingInitializeOnLoad (108ms)
				ProcessInitializeOnLoadAttributes (487ms)
				ProcessInitializeOnLoadMethodAttributes (86ms)
				AfterProcessingInitializeOnLoad (9ms)
				EditorAssembliesLoaded (0ms)
			ExecutionOrderSort2 (0ms)
			AwakeInstancesAfterBackupRestoration (13ms)
Platform modules already initialized, skipping
Refreshing native plugins compatible for Editor in 1.06 ms, found 3 plugins.
Preloading 0 native plugins for Editor in 0.00 ms.
Unloading 5482 Unused Serialized files (Serialized files now loaded: 0)
Unloading 42 unused Assets / (1.7 MB). Loaded Objects now: 6302.
Memory consumption went from 227.3 MB to 225.7 MB.
Total: 4.960300 ms (FindLiveObjects: 0.648000 ms CreateObjectMapping: 0.556300 ms MarkObjects: 3.074600 ms  DeleteObjects: 0.680200 ms)

AssetImportParameters requested are different than current active one (requested -> active):
  custom:video-decoder-ogg-theora: a1e56fd34408186e4bbccfd4996cb3dc -> 
  custom:container-muxer-webm: aa71ff27fc2769a1b78a27578f13a17b -> 
  custom:container-demuxer-webm: 4f35f7cbe854078d1ac9338744f61a02 -> 
  custom:video-encoder-webm-vp8: eb34c28f22e8b96e1ab97ce403110664 -> 
  custom:video-codec-MediaFoundation-h265: 746d11721c4dcdbdad8f713fa42b33f4 -> 
  custom:audio-encoder-webm-vorbis: bf7c407c2cedff20999df2af8eb42d56 -> 
  custom:framework-win-MediaFoundation: 216162199b28c13a410421893ffa2e32 -> 
  custom:container-demuxer-ogg: 62fdf1f143b41e24485cea50d1cbac27 -> 
  custom:video-decoder-webm-vp8: 9c59270c3fd7afecdb556c50c9e8de78 -> 
  custom:audio-decoder-ogg-vorbis: bf7c407c2cedff20999df2af8eb42d56 -> 
========================================================================
Received Import Request.
  Time since last request: 813.196632 seconds.
  path: Assets/Textures/Texture1.mat
  artifactKey: Guid(1dd9838a887310548933959aaee3f69b) Importer(815301076,1909f56bfc062723c751e8b465ee728b)
Start importing Assets/Textures/Texture1.mat using Guid(1dd9838a887310548933959aaee3f69b) Importer(815301076,1909f56bfc062723c751e8b465ee728b)  -> (artifact id: 'e800cb3fda8855cf48cb323151591486') in 0.247388 seconds 
========================================================================
Received Import Request.
  Time since last request: 53.807908 seconds.
  path: Assets/Same Gev Dudios
  artifactKey: Guid(14388d9994e4be64eb5d6c109a8e596a) Importer(815301076,1909f56bfc062723c751e8b465ee728b)
Start importing Assets/Same Gev Dudios using Guid(14388d9994e4be64eb5d6c109a8e596a) Importer(815301076,1909f56bfc062723c751e8b465ee728b)  -> (artifact id: 'e7b846b9aa61c58157f76b78f863b9e6') in 0.006607 seconds 
========================================================================
Received Import Request.
  Time since last request: 0.854298 seconds.
  path: Assets/Same Gev Dudios/Sci-Fi Robots Bundle
  artifactKey: Guid(3fa4e59b32799194baede9559a301ee1) Importer(815301076,1909f56bfc062723c751e8b465ee728b)
Start importing Assets/Same Gev Dudios/Sci-Fi Robots Bundle using Guid(3fa4e59b32799194baede9559a301ee1) Importer(815301076,1909f56bfc062723c751e8b465ee728b)  -> (artifact id: 'bed965e152839114ff6de8a4092434e8') in 0.011777 seconds 
========================================================================
Received Import Request.
  Time since last request: 2.835435 seconds.
  path: Assets/Same Gev Dudios/Sci-Fi Robots Bundle/ReadMe.txt
  artifactKey: Guid(f40f547f2d3ec64478aa1f8a2c9d4863) Importer(815301076,1909f56bfc062723c751e8b465ee728b)
Start importing Assets/Same Gev Dudios/Sci-Fi Robots Bundle/ReadMe.txt using Guid(f40f547f2d3ec64478aa1f8a2c9d4863) Importer(815301076,1909f56bfc062723c751e8b465ee728b)  -> (artifact id: 'fa2ca5917f4831899080cf63ae1b5012') in 0.014346 seconds 
========================================================================
Received Import Request.
  Time since last request: 10.737867 seconds.
  path: Assets/Same Gev Dudios/Sci-Fi Robots Bundle/Textures
  artifactKey: Guid(0103fb72be52f014691248c8a75952fc) Importer(815301076,1909f56bfc062723c751e8b465ee728b)
Start importing Assets/Same Gev Dudios/Sci-Fi Robots Bundle/Textures using Guid(0103fb72be52f014691248c8a75952fc) Importer(815301076,1909f56bfc062723c751e8b465ee728b)  -> (artifact id: '7aa421553954c3c13b5a377791bc0022') in 0.009289 seconds 
========================================================================
Received Import Request.
  Time since last request: 2.158535 seconds.
  path: Assets/Same Gev Dudios/Sci-Fi Robots Bundle/Textures/Paperman
  artifactKey: Guid(7c8c1530723f58a49a7ad6498db799af) Importer(815301076,1909f56bfc062723c751e8b465ee728b)
Start importing Assets/Same Gev Dudios/Sci-Fi Robots Bundle/Textures/Paperman using Guid(7c8c1530723f58a49a7ad6498db799af) Importer(815301076,1909f56bfc062723c751e8b465ee728b)  -> (artifact id: '5c2b1264483574c4b36b3c3d21b5be00') in 0.009415 seconds 
========================================================================
Received Import Request.
  Time since last request: 0.047716 seconds.
  path: Assets/Same Gev Dudios/Sci-Fi Robots Bundle/Textures/Paperman/Paperman Base Color.png
  artifactKey: Guid(77c9e86c55770a74c9cac3256e9fd07f) Importer(815301076,1909f56bfc062723c751e8b465ee728b)
Start importing Assets/Same Gev Dudios/Sci-Fi Robots Bundle/Textures/Paperman/Paperman Base Color.png using Guid(77c9e86c55770a74c9cac3256e9fd07f) Importer(815301076,1909f56bfc062723c751e8b465ee728b)  -> (artifact id: 'bd7f8644fa3ed3c7ee46567a84ee812a') in 0.053104 seconds 
========================================================================
Received Import Request.
  Time since last request: 0.000046 seconds.
  path: Assets/Same Gev Dudios/Sci-Fi Robots Bundle/Textures/Paperman/Paperman Emission.png
  artifactKey: Guid(17ebdbb7f9238eb46aaac5e09160cf7e) Importer(815301076,1909f56bfc062723c751e8b465ee728b)
Start importing Assets/Same Gev Dudios/Sci-Fi Robots Bundle/Textures/Paperman/Paperman Emission.png using Guid(17ebdbb7f9238eb46aaac5e09160cf7e) Importer(815301076,1909f56bfc062723c751e8b465ee728b)  -> (artifact id: 'e42ee31feb8b72db27a5926686324991') in 0.017199 seconds 
========================================================================
Received Import Request.
  Time since last request: 0.000037 seconds.
  path: Assets/Same Gev Dudios/Sci-Fi Robots Bundle/Textures/Paperman/Paperman Roughness.png
  artifactKey: Guid(df5a1c82e3655d548a6bd7ea1a64ab22) Importer(815301076,1909f56bfc062723c751e8b465ee728b)
Start importing Assets/Same Gev Dudios/Sci-Fi Robots Bundle/Textures/Paperman/Paperman Roughness.png using Guid(df5a1c82e3655d548a6bd7ea1a64ab22) Importer(815301076,1909f56bfc062723c751e8b465ee728b)  -> (artifact id: '6c31aa54144ff1f7a455b70f48fe8241') in 0.016504 seconds 
========================================================================
Received Import Request.
  Time since last request: 0.000029 seconds.
  path: Assets/Same Gev Dudios/Sci-Fi Robots Bundle/Textures/Paperman/Paperman Metallic.png
  artifactKey: Guid(99a5dd4e8a0c1364c96d5ca34a11bf03) Importer(815301076,1909f56bfc062723c751e8b465ee728b)
Start importing Assets/Same Gev Dudios/Sci-Fi Robots Bundle/Textures/Paperman/Paperman Metallic.png using Guid(99a5dd4e8a0c1364c96d5ca34a11bf03) Importer(815301076,1909f56bfc062723c751e8b465ee728b)  -> (artifact id: '62854fd5b3d1ebbc2690e6d8b810c8f9') in 0.018371 seconds 
========================================================================
Received Import Request.
  Time since last request: 2.012487 seconds.
  path: Assets/Same Gev Dudios/Sci-Fi Robots Bundle/Textures/Catherine
  artifactKey: Guid(810a8726531a4d94685ae3d410b52cf5) Importer(815301076,1909f56bfc062723c751e8b465ee728b)
Start importing Assets/Same Gev Dudios/Sci-Fi Robots Bundle/Textures/Catherine using Guid(810a8726531a4d94685ae3d410b52cf5) Importer(815301076,1909f56bfc062723c751e8b465ee728b)  -> (artifact id: '0caab1967c0a256c0af61381e4e3116e') in 0.008499 seconds 
========================================================================
Received Import Request.
  Time since last request: 0.057931 seconds.
  path: Assets/Same Gev Dudios/Sci-Fi Robots Bundle/Textures/Catherine/Catherine Base Color.png
  artifactKey: Guid(b691ba6a97fcaf34f8502b726a4f3b9a) Importer(815301076,1909f56bfc062723c751e8b465ee728b)
Start importing Assets/Same Gev Dudios/Sci-Fi Robots Bundle/Textures/Catherine/Catherine Base Color.png using Guid(b691ba6a97fcaf34f8502b726a4f3b9a) Importer(815301076,1909f56bfc062723c751e8b465ee728b)  -> (artifact id: '19b8430b6386d0e4371772f0b915bd8f') in 0.015726 seconds 
========================================================================
Received Import Request.
  Time since last request: 0.000030 seconds.
  path: Assets/Same Gev Dudios/Sci-Fi Robots Bundle/Textures/Catherine/Catherine Emission.png
  artifactKey: Guid(5fb1b0bbc10596147a68bd7b0f8a9227) Importer(815301076,1909f56bfc062723c751e8b465ee728b)
Start importing Assets/Same Gev Dudios/Sci-Fi Robots Bundle/Textures/Catherine/Catherine Emission.png using Guid(5fb1b0bbc10596147a68bd7b0f8a9227) Importer(815301076,1909f56bfc062723c751e8b465ee728b)  -> (artifact id: '3ccbdd02b8e7f63a6d91f05c29341bd2') in 0.016537 seconds 
========================================================================
Received Import Request.
  Time since last request: 0.000035 seconds.
  path: Assets/Same Gev Dudios/Sci-Fi Robots Bundle/Textures/Catherine/Catherine Roughness.png
  artifactKey: Guid(f072037826d24034c942c62b45476594) Importer(815301076,1909f56bfc062723c751e8b465ee728b)
Start importing Assets/Same Gev Dudios/Sci-Fi Robots Bundle/Textures/Catherine/Catherine Roughness.png using Guid(f072037826d24034c942c62b45476594) Importer(815301076,1909f56bfc062723c751e8b465ee728b)  -> (artifact id: 'd52ee0bce569e43ad7871297fe06c2dc') in 0.017487 seconds 
========================================================================
Received Import Request.
  Time since last request: 0.000029 seconds.
  path: Assets/Same Gev Dudios/Sci-Fi Robots Bundle/Textures/Catherine/Catherine Metallic.png
  artifactKey: Guid(8a6d76e1bbe69eb4eaaf7d3ee5aa04d2) Importer(815301076,1909f56bfc062723c751e8b465ee728b)
Start importing Assets/Same Gev Dudios/Sci-Fi Robots Bundle/Textures/Catherine/Catherine Metallic.png using Guid(8a6d76e1bbe69eb4eaaf7d3ee5aa04d2) Importer(815301076,1909f56bfc062723c751e8b465ee728b)  -> (artifact id: '073ca9f85a7f457abdea81733f5d40e8') in 0.015376 seconds 
========================================================================
Received Import Request.
  Time since last request: 3.071526 seconds.
  path: Assets/Same Gev Dudios/Sci-Fi Robots Bundle/Models
  artifactKey: Guid(7f66653ae534e484aa75d874b9cc93d6) Importer(815301076,1909f56bfc062723c751e8b465ee728b)
Start importing Assets/Same Gev Dudios/Sci-Fi Robots Bundle/Models using Guid(7f66653ae534e484aa75d874b9cc93d6) Importer(815301076,1909f56bfc062723c751e8b465ee728b)  -> (artifact id: '9fab626d808d17484204a09f39e98831') in 0.008397 seconds 
========================================================================
Received Import Request.
  Time since last request: 0.042121 seconds.
  path: Assets/Same Gev Dudios/Sci-Fi Robots Bundle/Models/Catherine.fbx
  artifactKey: Guid(371dce4e1cddc664dbe58267450ae1d8) Importer(815301076,1909f56bfc062723c751e8b465ee728b)
Start importing Assets/Same Gev Dudios/Sci-Fi Robots Bundle/Models/Catherine.fbx using Guid(371dce4e1cddc664dbe58267450ae1d8) Importer(815301076,1909f56bfc062723c751e8b465ee728b)  -> (artifact id: '8ebdb0f08ec2251ce06e69f47ec9ccd0') in 0.116411 seconds 
========================================================================
Received Import Request.
  Time since last request: 0.000051 seconds.
  path: Assets/Same Gev Dudios/Sci-Fi Robots Bundle/Models/Robert.fbx
  artifactKey: Guid(c31501b18d95d82419dad970a9527842) Importer(815301076,1909f56bfc062723c751e8b465ee728b)
Start importing Assets/Same Gev Dudios/Sci-Fi Robots Bundle/Models/Robert.fbx using Guid(c31501b18d95d82419dad970a9527842) Importer(815301076,1909f56bfc062723c751e8b465ee728b)  -> (artifact id: '7c82178797fccec98a0bf02a4f926a38') in 0.065999 seconds 
========================================================================
Received Import Request.
  Time since last request: 0.000036 seconds.
  path: Assets/Same Gev Dudios/Sci-Fi Robots Bundle/Models/Paperman.fbx
  artifactKey: Guid(a7fa87652e796e149bcf74bfcbfdef8f) Importer(815301076,1909f56bfc062723c751e8b465ee728b)
Start importing Assets/Same Gev Dudios/Sci-Fi Robots Bundle/Models/Paperman.fbx using Guid(a7fa87652e796e149bcf74bfcbfdef8f) Importer(815301076,1909f56bfc062723c751e8b465ee728b)  -> (artifact id: 'e40eeed3a6c2da047d7bf33a50beb597') in 0.050965 seconds 
========================================================================
Received Import Request.
  Time since last request: 0.000030 seconds.
  path: Assets/Same Gev Dudios/Sci-Fi Robots Bundle/Models/Engie.fbx
  artifactKey: Guid(33b6b3aa0156c6146b8db27ca2dff66b) Importer(815301076,1909f56bfc062723c751e8b465ee728b)
Start importing Assets/Same Gev Dudios/Sci-Fi Robots Bundle/Models/Engie.fbx using Guid(33b6b3aa0156c6146b8db27ca2dff66b) Importer(815301076,1909f56bfc062723c751e8b465ee728b)  -> (artifact id: '67c6f43c35dc39d5df51059577fc9410') in 0.050751 seconds 
========================================================================
Received Prepare
Registering precompiled user dll's ...
Registered in 0.008826 seconds.
Begin MonoManager ReloadAssembly
Symbol file LoadedFromMemory doesn't match image C:\Users\Luzog\Workspace\Local\Unity\Projects\Cydroid\Unity Project\Cydroid - 2\Library\PackageCache\com.unity.visualscripting@1.7.6\Editor\VisualScripting.Core\Dependencies\YamlDotNet\Unity.VisualScripting.YamlDotNet.dll
Symbol file LoadedFromMemory doesn't match image C:\Users\Luzog\Workspace\Local\Unity\Projects\Cydroid\Unity Project\Cydroid - 2\Library\PackageCache\com.unity.visualscripting@1.7.6\Editor\VisualScripting.Core\Dependencies\DotNetZip\Unity.VisualScripting.IonicZip.dll
Native extension for WindowsStandalone target not found
Refreshing native plugins compatible for Editor in 1.09 ms, found 3 plugins.
Preloading 0 native plugins for Editor in 0.00 ms.
Mono: successfully reloaded assembly
- Completed reload, in  1.640 seconds
Domain Reload Profiling:
	ReloadAssembly (1640ms)
		BeginReloadAssembly (165ms)
			ExecutionOrderSort (0ms)
			DisableScriptedObjects (10ms)
			BackupInstance (0ms)
			ReleaseScriptingObjects (0ms)
			CreateAndSetChildDomain (48ms)
		EndReloadAssembly (1362ms)
			LoadAssemblies (103ms)
			RebuildTransferFunctionScriptingTraits (0ms)
			SetupTypeCache (358ms)
			ReleaseScriptCaches (2ms)
			RebuildScriptCaches (65ms)
			SetupLoadedEditorAssemblies (727ms)
				LogAssemblyErrors (0ms)
				InitializePlatformSupportModulesInManaged (20ms)
				SetLoadedEditorAssemblies (1ms)
				RefreshPlugins (1ms)
				BeforeProcessingInitializeOnLoad (118ms)
				ProcessInitializeOnLoadAttributes (489ms)
				ProcessInitializeOnLoadMethodAttributes (88ms)
				AfterProcessingInitializeOnLoad (9ms)
				EditorAssembliesLoaded (0ms)
			ExecutionOrderSort2 (0ms)
			AwakeInstancesAfterBackupRestoration (22ms)
Platform modules already initialized, skipping
Refreshing native plugins compatible for Editor in 1.01 ms, found 3 plugins.
Preloading 0 native plugins for Editor in 0.00 ms.
Unloading 5490 Unused Serialized files (Serialized files now loaded: 0)
Unloading 42 unused Assets / (1.7 MB). Loaded Objects now: 6516.
Memory consumption went from 243.2 MB to 241.5 MB.
Total: 4.632800 ms (FindLiveObjects: 0.632800 ms CreateObjectMapping: 0.581800 ms MarkObjects: 2.875700 ms  DeleteObjects: 0.541300 ms)

AssetImportParameters requested are different than current active one (requested -> active):
  custom:video-decoder-ogg-theora: a1e56fd34408186e4bbccfd4996cb3dc -> 
  custom:container-muxer-webm: aa71ff27fc2769a1b78a27578f13a17b -> 
  custom:container-demuxer-webm: 4f35f7cbe854078d1ac9338744f61a02 -> 
  custom:video-encoder-webm-vp8: eb34c28f22e8b96e1ab97ce403110664 -> 
  custom:video-codec-MediaFoundation-h265: 746d11721c4dcdbdad8f713fa42b33f4 -> 
  custom:audio-encoder-webm-vorbis: bf7c407c2cedff20999df2af8eb42d56 -> 
  custom:framework-win-MediaFoundation: 216162199b28c13a410421893ffa2e32 -> 
  custom:container-demuxer-ogg: 62fdf1f143b41e24485cea50d1cbac27 -> 
  custom:video-decoder-webm-vp8: 9c59270c3fd7afecdb556c50c9e8de78 -> 
  custom:audio-decoder-ogg-vorbis: bf7c407c2cedff20999df2af8eb42d56 -> 
========================================================================
Received Prepare
Registering precompiled user dll's ...
Registered in 0.009841 seconds.
Begin MonoManager ReloadAssembly
Could not allocate -828023288 (1 * -828023288) bytes
Crash!!!
SymInit: Symbol-SearchPath: 'C:/Program Files/Unity/Hub/Editor/2021.2.7f1/Editor/Data/Mono;.;C:\Users\Luzog\Workspace\Local\Unity\Projects\Cydroid\Unity Project\Cydroid - 2;C:\Users\Luzog\Workspace\Local\Unity\Projects\Cydroid\Unity Project\Cydroid - 2\Library\BurstCache\JIT;C:\Program Files\Unity\Hub\Editor\2021.2.7f1\Editor;C:\WINDOWS;C:\WINDOWS\system32;SRV*C:\websymbols*http://msdl.microsoft.com/download/symbols;', symOptions: 534, UserName: 'Luzog'
OS-Version: 10.0.0
C:\Program Files\Unity\Hub\Editor\2021.2.7f1\Editor\Unity.exe:Unity.exe (00007FF79A0B0000), size: 72974336 (result: 0), SymType: '-deferred-', PDB: '', fileVersion: 2021.2.7.55778
C:\WINDOWS\SYSTEM32\ntdll.dll:ntdll.dll (00007FFE37230000), size: 2179072 (result: 0), SymType: '-deferred-', PDB: '', fileVersion: 10.0.22621.900
C:\WINDOWS\System32\KERNEL32.DLL:KERNEL32.DLL (00007FFE360D0000), size: 798720 (result: 0), SymType: '-deferred-', PDB: '', fileVersion: 10.0.22621.1105
C:\WINDOWS\System32\KERNELBASE.dll:KERNELBASE.dll (00007FFE347C0000), size: 3788800 (result: 0), SymType: '-deferred-', PDB: '', fileVersion: 10.0.22621.963
C:\WINDOWS\System32\CRYPT32.dll:CRYPT32.dll (00007FFE34B60000), size: 1466368 (result: 0), SymType: '-deferred-', PDB: '', fileVersion: 10.0.22621.674
C:\WINDOWS\System32\ucrtbase.dll:ucrtbase.dll (00007FFE34D70000), size: 1118208 (result: 0), SymType: '-deferred-', PDB: '', fileVersion: 10.0.22621.608
C:\WINDOWS\System32\USER32.dll:USER32.dll (00007FFE36250000), size: 1757184 (result: 0), SymType: '-deferred-', PDB: '', fileVersion: 10.0.22621.1105
C:\WINDOWS\System32\win32u.dll:win32u.dll (00007FFE34790000), size: 155648 (result: 0), SymType: '-deferred-', PDB: '', fileVersion: 10.0.22621.1105
C:\WINDOWS\System32\GDI32.dll:GDI32.dll (00007FFE36EF0000), size: 167936 (result: 0), SymType: '-deferred-', PDB: '', fileVersion: 10.0.22621.608
C:\Program Files\Unity\Hub\Editor\2021.2.7f1\Editor\optix.6.0.0.dll:optix.6.0.0.dll (00007FFDFAF50000), size: 208896 (result: 0), SymType: '-deferred-', PDB: '', fileVersion: 6.0.0.0
C:\WINDOWS\System32\gdi32full.dll:gdi32full.dll (00007FFE34F00000), size: 1122304 (result: 0), SymType: '-deferred-', PDB: '', fileVersion: 10.0.22621.963
C:\Program Files\Unity\Hub\Editor\2021.2.7f1\Editor\s3tcompress.dll:s3tcompress.dll (00007FFE1D220000), size: 180224 (result: 0), SymType: '-deferred-', PDB: ''
C:\WINDOWS\System32\msvcp_win.dll:msvcp_win.dll (00007FFE34CD0000), size: 630784 (result: 0), SymType: '-deferred-', PDB: '', fileVersion: 10.0.22621.608
C:\Program Files\Unity\Hub\Editor\2021.2.7f1\Editor\libfbxsdk.dll:libfbxsdk.dll (00007FFD89A20000), size: 10215424 (result: 0), SymType: '-deferred-', PDB: '', fileVersion: 2020.2.0.0
C:\Program Files\Unity\Hub\Editor\2021.2.7f1\Editor\etccompress.dll:etccompress.dll (00007FFD89540000), size: 5066752 (result: 0), SymType: '-deferred-', PDB: ''
C:\WINDOWS\System32\ADVAPI32.dll:ADVAPI32.dll (00007FFE361A0000), size: 712704 (result: 0), SymType: '-deferred-', PDB: '', fileVersion: 10.0.22621.608
C:\WINDOWS\System32\msvcrt.dll:msvcrt.dll (00007FFE36F20000), size: 684032 (result: 0), SymType: '-deferred-', PDB: '', fileVersion: 7.0.22621.608
C:\Program Files\Unity\Hub\Editor\2021.2.7f1\Editor\ispc_texcomp.dll:ispc_texcomp.dll (00007FFDA9C10000), size: 1740800 (result: 0), SymType: '-deferred-', PDB: ''
C:\WINDOWS\System32\sechost.dll:sechost.dll (00007FFE35030000), size: 671744 (result: 0), SymType: '-deferred-', PDB: '', fileVersion: 10.0.22621.608
C:\Program Files\Unity\Hub\Editor\2021.2.7f1\Editor\compress_bc7e.dll:compress_bc7e.dll (00007FFDA8690000), size: 1441792 (result: 0), SymType: '-deferred-', PDB: ''
C:\WINDOWS\System32\RPCRT4.dll:RPCRT4.dll (00007FFE35160000), size: 1134592 (result: 0), SymType: '-deferred-', PDB: '', fileVersion: 10.0.22621.1105
C:\Program Files\Unity\Hub\Editor\2021.2.7f1\Editor\FreeImage.dll:FreeImage.dll (0000000180000000), size: 6582272 (result: 0), SymType: '-deferred-', PDB: '', fileVersion: 3.18.0.0
C:\WINDOWS\System32\SHELL32.dll:SHELL32.dll (00007FFE36460000), size: 8318976 (result: 0), SymType: '-deferred-', PDB: '', fileVersion: 10.0.22621.1105
C:\Program Files\Unity\Hub\Editor\2021.2.7f1\Editor\OpenImageDenoise.dll:OpenImageDenoise.dll (00007FFD873C0000), size: 35123200 (result: 0), SymType: '-deferred-', PDB: '', fileVersion: 1.3.0.0
C:\WINDOWS\System32\SHLWAPI.dll:SHLWAPI.dll (00007FFE35D70000), size: 385024 (result: 0), SymType: '-deferred-', PDB: '', fileVersion: 10.0.22621.608
C:\WINDOWS\System32\WS2_32.dll:WS2_32.dll (00007FFE36050000), size: 462848 (result: 0), SymType: '-deferred-', PDB: '', fileVersion: 10.0.22621.1
C:\WINDOWS\System32\ole32.dll:ole32.dll (00007FFE35BD0000), size: 1687552 (result: 0), SymType: '-deferred-', PDB: '', fileVersion: 10.0.22621.608
C:\Program Files\Unity\Hub\Editor\2021.2.7f1\Editor\WinPixEventRuntime.dll:WinPixEventRuntime.dll (00007FFE1D180000), size: 45056 (result: 0), SymType: '-deferred-', PDB: '', fileVersion: 1.0.1812.6001
C:\WINDOWS\System32\combase.dll:combase.dll (00007FFE35840000), size: 3710976 (result: 0), SymType: '-deferred-', PDB: '', fileVersion: 10.0.22621.900
C:\Program Files\Unity\Hub\Editor\2021.2.7f1\Editor\umbraoptimizer64.dll:umbraoptimizer64.dll (00007FFDA10A0000), size: 1187840 (result: 0), SymType: '-deferred-', PDB: ''
C:\WINDOWS\System32\IMM32.dll:IMM32.dll (00007FFE36400000), size: 204800 (result: 0), SymType: '-deferred-', PDB: '', fileVersion: 10.0.22621.755
C:\WINDOWS\System32\SETUPAPI.dll:SETUPAPI.dll (00007FFE35360000), size: 4694016 (result: 0), SymType: '-deferred-', PDB: '', fileVersion: 10.0.22621.755
C:\WINDOWS\System32\OLEAUT32.dll:OLEAUT32.dll (00007FFE35280000), size: 880640 (result: 0), SymType: '-deferred-', PDB: '', fileVersion: 10.0.22621.608
C:\WINDOWS\System32\WINTRUST.dll:WINTRUST.dll (00007FFE34E90000), size: 438272 (result: 0), SymType: '-deferred-', PDB: '', fileVersion: 10.0.22621.900
C:\Program Files\Unity\Hub\Editor\2021.2.7f1\Editor\tbb12.dll:tbb12.dll (00007FFDE85A0000), size: 389120 (result: 0), SymType: '-deferred-', PDB: ''
C:\WINDOWS\SYSTEM32\MSVCP140.dll:MSVCP140.dll (00007FFDAEB70000), size: 581632 (result: 0), SymType: '-deferred-', PDB: '', fileVersion: 14.32.31332.0
C:\WINDOWS\SYSTEM32\VCRUNTIME140.dll:VCRUNTIME140.dll (00007FFE2FFB0000), size: 110592 (result: 0), SymType: '-deferred-', PDB: '', fileVersion: 14.32.31332.0
C:\WINDOWS\SYSTEM32\OPENGL32.dll:OPENGL32.dll (00007FFE08E30000), size: 1048576 (result: 0), SymType: '-deferred-', PDB: '', fileVersion: 10.0.22621.608
C:\WINDOWS\SYSTEM32\GLU32.dll:GLU32.dll (00007FFE0BF30000), size: 184320 (result: 0), SymType: '-deferred-', PDB: '', fileVersion: 10.0.22621.608
C:\WINDOWS\SYSTEM32\IPHLPAPI.DLL:IPHLPAPI.DLL (00007FFE331D0000), size: 184320 (result: 0), SymType: '-deferred-', PDB: '', fileVersion: 10.0.22621.1
C:\WINDOWS\SYSTEM32\WINHTTP.dll:WINHTTP.dll (00007FFE2DA80000), size: 1241088 (result: 0), SymType: '-deferred-', PDB: '', fileVersion: 10.0.22621.608
C:\WINDOWS\SYSTEM32\WINMM.dll:WINMM.dll (00007FFE2BF70000), size: 212992 (result: 0), SymType: '-deferred-', PDB: '', fileVersion: 10.0.22621.608
C:\WINDOWS\SYSTEM32\bcrypt.dll:bcrypt.dll (00007FFE33FF0000), size: 163840 (result: 0), SymType: '-deferred-', PDB: '', fileVersion: 10.0.22621.1105
C:\WINDOWS\SYSTEM32\HID.DLL:HID.DLL (00007FFE32F40000), size: 57344 (result: 0), SymType: '-deferred-', PDB: '', fileVersion: 10.0.22621.1
C:\WINDOWS\SYSTEM32\dwmapi.dll:dwmapi.dll (00007FFE320B0000), size: 176128 (result: 0), SymType: '-deferred-', PDB: '', fileVersion: 10.0.22621.608
C:\Program Files\Unity\Hub\Editor\2021.2.7f1\Editor\RadeonImageFilters.dll:RadeonImageFilters.dll (00007FFD870E0000), size: 2961408 (result: 0), SymType: '-deferred-', PDB: '', fileVersion: 1.7.0.0
C:\Program Files\Unity\Hub\Editor\2021.2.7f1\Editor\SketchUpAPI.dll:SketchUpAPI.dll (00007FFD86800000), size: 9306112 (result: 0), SymType: '-deferred-', PDB: '', fileVersion: 20.2.172.0
C:\WINDOWS\SYSTEM32\WSOCK32.dll:WSOCK32.dll (00007FFE20680000), size: 36864 (result: 0), SymType: '-deferred-', PDB: '', fileVersion: 10.0.22621.1
C:\WINDOWS\SYSTEM32\VERSION.dll:VERSION.dll (00007FFE2E3F0000), size: 40960 (result: 0), SymType: '-deferred-', PDB: '', fileVersion: 10.0.22621.1
C:\WINDOWS\SYSTEM32\VCRUNTIME140_1.dll:VCRUNTIME140_1.dll (00007FFDD9650000), size: 49152 (result: 0), SymType: '-deferred-', PDB: '', fileVersion: 14.32.31332.0
C:\Program Files\Unity\Hub\Editor\2021.2.7f1\Editor\RadeonML.dll:RadeonML.dll (00007FFE00D60000), size: 94208 (result: 0), SymType: '-deferred-', PDB: '', fileVersion: 0.9.11.0
C:\WINDOWS\SYSTEM32\Secur32.dll:Secur32.dll (00007FFE18C40000), size: 49152 (result: 0), SymType: '-deferred-', PDB: '', fileVersion: 10.0.22621.1
C:\WINDOWS\SYSTEM32\dxcore.dll:dxcore.dll (00007FFE31D80000), size: 221184 (result: 0), SymType: '-deferred-', PDB: '', fileVersion: 10.0.22621.608
C:\Program Files\Unity\Hub\Editor\2021.2.7f1\Editor\SketchUpCommonPreferences.dll:SketchUpCommonPreferences.dll (00007FFDCC6A0000), size: 479232 (result: 0), SymType: '-deferred-', PDB: '', fileVersion: 20.2.172.37
C:\WINDOWS\SYSTEM32\SSPICLI.DLL:SSPICLI.DLL (00007FFE338F0000), size: 270336 (result: 0), SymType: '-deferred-', PDB: '', fileVersion: 10.0.22621.674
C:\Program Files\Unity\Hub\Editor\2021.2.7f1\Editor\OpenRL.dll:OpenRL.dll (000001D6B7CB0000), size: 12779520 (result: 0), SymType: '-deferred-', PDB: '', fileVersion: 1.5.0.2907
C:\WINDOWS\SYSTEM32\MSVCP100.dll:MSVCP100.dll (0000000073E20000), size: 622592 (result: 0), SymType: '-deferred-', PDB: '', fileVersion: 10.0.40219.325
C:\WINDOWS\SYSTEM32\MSVCR100.dll:MSVCR100.dll (0000000073D40000), size: 860160 (result: 0), SymType: '-deferred-', PDB: '', fileVersion: 10.0.40219.325
C:\Program Files\Unity\Hub\Editor\2021.2.7f1\Editor\embree.dll:embree.dll (00007FFD85810000), size: 16711680 (result: 0), SymType: '-deferred-', PDB: '', fileVersion: 2.14.0.0
C:\WINDOWS\SYSTEM32\cfgmgr32.DLL:cfgmgr32.DLL (00007FFE34340000), size: 319488 (result: 0), SymType: '-deferred-', PDB: '', fileVersion: 10.0.22621.755
C:\Program Files\Unity\Hub\Editor\2021.2.7f1\Editor\tbb.dll:tbb.dll (00007FFDE8530000), size: 413696 (result: 0), SymType: '-deferred-', PDB: '', fileVersion: 2017.0.2016.1004
C:\WINDOWS\SYSTEM32\MSWSOCK.DLL:MSWSOCK.DLL (00007FFE33B10000), size: 430080 (result: 0), SymType: '-deferred-', PDB: '', fileVersion: 10.0.22621.1
C:\WINDOWS\SYSTEM32\MSVCP120.dll:MSVCP120.dll (00007FFD85670000), size: 679936 (result: 0), SymType: '-deferred-', PDB: '', fileVersion: 12.0.40664.0
C:\WINDOWS\SYSTEM32\MSVCR120.dll:MSVCR120.dll (00007FFD85720000), size: 978944 (result: 0), SymType: '-deferred-', PDB: '', fileVersion: 12.0.40664.0
C:\Program Files\Unity\Hub\Editor\2021.2.7f1\Editor\OpenRL_pthread.dll:OpenRL_pthread.dll (000001D6B8900000), size: 61440 (result: 0), SymType: '-deferred-', PDB: '', fileVersion: 2.9.0.0
C:\Program Files\Unity\Hub\Editor\2021.2.7f1\Editor\tbbmalloc.dll:tbbmalloc.dll (00007FFDA8630000), size: 372736 (result: 0), SymType: '-deferred-', PDB: '', fileVersion: 2017.0.2016.1004
C:\WINDOWS\SYSTEM32\MSASN1.dll:MSASN1.dll (00007FFE34320000), size: 73728 (result: 0), SymType: '-deferred-', PDB: '', fileVersion: 10.0.22621.819
C:\WINDOWS\SYSTEM32\kernel.appcore.dll:kernel.appcore.dll (00007FFE336A0000), size: 98304 (result: 0), SymType: '-deferred-', PDB: '', fileVersion: 10.0.22621.1
C:\WINDOWS\System32\bcryptPrimitives.dll:bcryptPrimitives.dll (00007FFE34710000), size: 503808 (result: 0), SymType: '-deferred-', PDB: '', fileVersion: 10.0.22621.1105
C:\WINDOWS\system32\uxtheme.dll:uxtheme.dll (00007FFE31CA0000), size: 700416 (result: 0), SymType: '-deferred-', PDB: '', fileVersion: 10.0.22621.608
C:\WINDOWS\System32\shcore.dll:shcore.dll (00007FFE36DF0000), size: 987136 (result: 0), SymType: '-deferred-', PDB: '', fileVersion: 10.0.22621.900
C:\WINDOWS\SYSTEM32\windows.storage.dll:windows.storage.dll (00007FFE32670000), size: 9207808 (result: 0), SymType: '-deferred-', PDB: '', fileVersion: 10.0.22621.1105
C:\WINDOWS\SYSTEM32\wintypes.dll:wintypes.dll (00007FFE32530000), size: 1302528 (result: 0), SymType: '-deferred-', PDB: '', fileVersion: 10.0.22621.900
C:\WINDOWS\SYSTEM32\profapi.dll:profapi.dll (00007FFE34580000), size: 135168 (result: 0), SymType: '-deferred-', PDB: '', fileVersion: 10.0.22621.1
C:\WINDOWS\system32\IconCodecService.dll:IconCodecService.dll (00007FFE007C0000), size: 36864 (result: 0), SymType: '-deferred-', PDB: '', fileVersion: 10.0.22621.1
C:\WINDOWS\SYSTEM32\WindowsCodecs.dll:WindowsCodecs.dll (00007FFE30120000), size: 1769472 (result: 0), SymType: '-deferred-', PDB: '', fileVersion: 10.0.22621.608
C:\WINDOWS\System32\clbcatq.dll:clbcatq.dll (00007FFE35F90000), size: 749568 (result: 0), SymType: '-deferred-', PDB: '', fileVersion: 2001.12.10941.16384
C:\WINDOWS\System32\netprofm.dll:netprofm.dll (00007FFE2F070000), size: 487424 (result: 0), SymType: '-deferred-', PDB: '', fileVersion: 10.0.22621.1
C:\WINDOWS\System32\npmproxy.dll:npmproxy.dll (00007FFE2BFB0000), size: 98304 (result: 0), SymType: '-deferred-', PDB: '', fileVersion: 10.0.22621.1
C:\WINDOWS\System32\NSI.dll:NSI.dll (00007FFE35020000), size: 36864 (result: 0), SymType: '-deferred-', PDB: '', fileVersion: 10.0.22621.1
C:\WINDOWS\SYSTEM32\dhcpcsvc6.DLL:dhcpcsvc6.DLL (00007FFE2DC20000), size: 102400 (result: 0), SymType: '-deferred-', PDB: '', fileVersion: 10.0.22621.674
C:\WINDOWS\SYSTEM32\dhcpcsvc.DLL:dhcpcsvc.DLL (00007FFE2D3C0000), size: 126976 (result: 0), SymType: '-deferred-', PDB: '', fileVersion: 10.0.22621.674
C:\WINDOWS\SYSTEM32\DNSAPI.dll:DNSAPI.dll (00007FFE33250000), size: 991232 (result: 0), SymType: '-deferred-', PDB: '', fileVersion: 10.0.22621.1
C:\WINDOWS\System32\fwpuclnt.dll:fwpuclnt.dll (00007FFE2C2E0000), size: 536576 (result: 0), SymType: '-deferred-', PDB: '', fileVersion: 10.0.22621.1105
C:\Windows\System32\rasadhlp.dll:rasadhlp.dll (00007FFE2C230000), size: 40960 (result: 0), SymType: '-deferred-', PDB: '', fileVersion: 10.0.22621.1
C:\Program Files\Unity\Hub\Editor\2021.2.7f1\Editor\NVUnityPlugin.DLL:NVUnityPlugin.DLL (00007FFD85430000), size: 1536000 (result: 0), SymType: '-deferred-', PDB: ''
C:\Program Files\Unity\Hub\Editor\2021.2.7f1\Editor\Data\Tools\astcenc-avx2.dll:astcenc-avx2.dll (00007FFD853A0000), size: 561152 (result: 0), SymType: '-deferred-', PDB: ''
C:\WINDOWS\SYSTEM32\d3d11.dll:d3d11.dll (00007FFE30930000), size: 2453504 (result: 0), SymType: '-deferred-', PDB: '', fileVersion: 10.0.22621.608
C:\WINDOWS\SYSTEM32\dxgi.dll:dxgi.dll (00007FFE31DD0000), size: 1011712 (result: 0), SymType: '-deferred-', PDB: '', fileVersion: 10.0.22621.900
C:\WINDOWS\SYSTEM32\directxdatabasehelper.dll:directxdatabasehelper.dll (00007FFE2FA70000), size: 299008 (result: 0), SymType: '-deferred-', PDB: '', fileVersion: 10.0.22621.963
C:\WINDOWS\System32\DriverStore\FileRepository\u0385558.inf_amd64_a02c8b890e9f278a\B385477\aticfx64.dll:aticfx64.dll (00007FFE2C040000), size: 1814528 (result: 0), SymType: '-deferred-', PDB: '', fileVersion: 31.0.12044.3
C:\WINDOWS\System32\DriverStore\FileRepository\u0385558.inf_amd64_a02c8b890e9f278a\B385477\atiuxp64.dll:atiuxp64.dll (00007FFE2BF30000), size: 233472 (result: 0), SymType: '-deferred-', PDB: '', fileVersion: 31.0.12044.3
C:\WINDOWS\System32\DriverStore\FileRepository\u0385558.inf_amd64_a02c8b890e9f278a\B385477\atidxx64.dll:atidxx64.dll (00007FFE27C10000), size: 32673792 (result: 0), SymType: '-deferred-', PDB: '', fileVersion: 31.0.12044.3
C:\WINDOWS\SYSTEM32\apphelp.dll:apphelp.dll (00007FFE31BC0000), size: 618496 (result: 0), SymType: '-deferred-', PDB: '', fileVersion: 10.0.22621.963
C:\WINDOWS\SYSTEM32\amdihk64.dll:amdihk64.dll (00007FFE2BEF0000), size: 217088 (result: 0), SymType: '-deferred-', PDB: '', fileVersion: 2.0.0.1788
C:\WINDOWS\system32\wbem\wbemprox.dll:wbemprox.dll (00007FFE0C5D0000), size: 65536 (result: 0), SymType: '-deferred-', PDB: '', fileVersion: 10.0.22621.1
C:\WINDOWS\SYSTEM32\wbemcomn.dll:wbemcomn.dll (00007FFE1EF70000), size: 524288 (result: 0), SymType: '-deferred-', PDB: '', fileVersion: 10.0.22621.1
C:\WINDOWS\system32\wbem\wbemsvc.dll:wbemsvc.dll (00007FFE1AEF0000), size: 81920 (result: 0), SymType: '-deferred-', PDB: '', fileVersion: 10.0.22621.1
C:\WINDOWS\system32\wbem\fastprox.dll:fastprox.dll (00007FFE19C50000), size: 1015808 (result: 0), SymType: '-deferred-', PDB: '', fileVersion: 10.0.22621.608
C:\WINDOWS\SYSTEM32\amsi.dll:amsi.dll (00007FFE184E0000), size: 118784 (result: 0), SymType: '-deferred-', PDB: '', fileVersion: 10.0.22621.1
C:\WINDOWS\SYSTEM32\USERENV.dll:USERENV.dll (00007FFE33C70000), size: 163840 (result: 0), SymType: '-deferred-', PDB: '', fileVersion: 10.0.22621.1
C:\ProgramData\Microsoft\Windows Defender\Platform\4.18.2211.5-0\MpOav.dll:MpOav.dll (00007FFE18360000), size: 503808 (result: 0), SymType: '-deferred-', PDB: '', fileVersion: 4.18.2211.5
C:\WINDOWS\SYSTEM32\opencl.dll:opencl.dll (00007FFDC3E70000), size: 507904 (result: 0), SymType: '-deferred-', PDB: '', fileVersion: 3.0.0.0
C:\Program Files\Unity\Hub\Editor\2021.2.7f1\Editor\radeonrays.dll:radeonrays.dll (00007FFD85230000), size: 557056 (result: 0), SymType: '-deferred-', PDB: ''
C:\Program Files\Unity\Hub\Editor\2021.2.7f1\Editor\Data\MonoBleedingEdge\EmbedRuntime\mono-2.0-bdwgc.dll:mono-2.0-bdwgc.dll (00007FFD84780000), size: 11177984 (result: 0), SymType: '-deferred-', PDB: ''
C:\Users\Luzog\Workspace\Local\Unity\Projects\Cydroid\Unity Project\Cydroid - 2\Library\PackageCache\com.unity.burst@1.6.0\.Runtime\burst-llvm-11.dll:burst-llvm-11.dll (00007FFD7BDA0000), size: 38744064 (result: 0), SymType: '-deferred-', PDB: ''
C:\WINDOWS\SYSTEM32\PROPSYS.dll:PROPSYS.dll (00007FFE2FE70000), size: 1048576 (result: 0), SymType: '-deferred-', PDB: '', fileVersion: 7.0.22621.608
C:\Windows\System32\Windows.System.Launcher.dll:Windows.System.Launcher.dll (00007FFE29BC0000), size: 1265664 (result: 0), SymType: '-deferred-', PDB: '', fileVersion: 10.0.22621.608
C:\Windows\System32\msvcp110_win.dll:msvcp110_win.dll (00007FFE2C240000), size: 602112 (result: 0), SymType: '-deferred-', PDB: '', fileVersion: 10.0.22621.1
C:\WINDOWS\SYSTEM32\windows.staterepositorycore.dll:windows.staterepositorycore.dll (00007FFE29B80000), size: 106496 (result: 0), SymType: '-deferred-', PDB: '', fileVersion: 10.0.22621.900
C:\WINDOWS\WinSxS\amd64_microsoft.windows.common-controls_6595b64144ccf1df_6.0.22621.608_none_a9444ca7c10bb01d\comctl32.dll:comctl32.dll (00007FFE1AC10000), size: 2678784 (result: 0), SymType: '-deferred-', PDB: '', fileVersion: 6.10.22621.608
C:\Windows\System32\thumbcache.dll:thumbcache.dll (00007FFE05540000), size: 450560 (result: 0), SymType: '-deferred-', PDB: '', fileVersion: 10.0.22621.1
C:\WINDOWS\SYSTEM32\policymanager.dll:policymanager.dll (00007FFE2C370000), size: 675840 (result: 0), SymType: '-deferred-', PDB: '', fileVersion: 10.0.22621.900
C:\Windows\System32\MrmCoreR.dll:MrmCoreR.dll (00007FFE18040000), size: 1069056 (result: 0), SymType: '-deferred-', PDB: '', fileVersion: 10.0.22621.608
C:\Windows\System32\iertutil.dll:iertutil.dll (00007FFE1DC50000), size: 2822144 (result: 0), SymType: '-deferred-', PDB: '', fileVersion: 11.0.22621.674
C:\WINDOWS\SYSTEM32\windows.staterepositoryclient.dll:windows.staterepositoryclient.dll (00007FFE29B40000), size: 249856 (result: 0), SymType: '-deferred-', PDB: '', fileVersion: 10.0.22621.900
C:\Windows\System32\bcp47mrm.dll:bcp47mrm.dll (00007FFE0D830000), size: 204800 (result: 0), SymType: '-deferred-', PDB: '', fileVersion: 10.0.22621.608
C:\Windows\System32\Windows.UI.dll:Windows.UI.dll (00007FFE22410000), size: 1523712 (result: 0), SymType: '-deferred-', PDB: '', fileVersion: 10.0.22621.608
C:\WINDOWS\WinSxS\amd64_microsoft.windows.gdiplus_6595b64144ccf1df_1.1.22621.819_none_da30437f1b9d3de1\gdiplus.dll:gdiplus.dll (00007FFE0CB60000), size: 1806336 (result: 0), SymType: '-deferred-', PDB: '', fileVersion: 10.0.22621.819
C:\WINDOWS\System32\MSCTF.dll:MSCTF.dll (00007FFE370D0000), size: 1171456 (result: 0), SymType: '-deferred-', PDB: '', fileVersion: 10.0.22621.755
C:\WINDOWS\SYSTEM32\edputil.dll:edputil.dll (00007FFE05510000), size: 163840 (result: 0), SymType: '-deferred-', PDB: '', fileVersion: 10.0.22621.1
C:\Windows\System32\Windows.StateRepositoryPS.dll:Windows.StateRepositoryPS.dll (00007FFE2A300000), size: 962560 (result: 0), SymType: '-deferred-', PDB: '', fileVersion: 10.0.22621.900
C:\WINDOWS\SYSTEM32\dbghelp.dll:dbghelp.dll (00007FFE2C670000), size: 2285568 (result: 0), SymType: '-deferred-', PDB: '', fileVersion: 10.0.22621.1

========== OUTPUTTING STACK TRACE ==================

0x00007FFE348506BC (KERNELBASE) RaiseException
0x00007FFD847F064C (mono-2.0-bdwgc) [C:\build\output\Unity-Technologies\mono\mono\utils\mono-log-common.c:143] mono_log_write_logfile 
0x00007FFD847DC4A2 (mono-2.0-bdwgc) [C:\build\output\Unity-Technologies\mono\mono\eglib\goutput.c:172] monoeg_g_logv_nofree 
0x00007FFD847DC508 (mono-2.0-bdwgc) [C:\build\output\Unity-Technologies\mono\mono\eglib\goutput.c:187] monoeg_g_log 
0x00007FFD847DBDC2 (mono-2.0-bdwgc) [C:\build\output\Unity-Technologies\mono\mono\eglib\gmem.c:138] monoeg_malloc0 
0x00007FFD8494B1D2 (mono-2.0-bdwgc) [C:\build\output\Unity-Technologies\mono\mono\metadata\object.c:7947] mono_utf16_to_utf8len 
0x00007FFD8494AFB3 (mono-2.0-bdwgc) [C:\build\output\Unity-Technologies\mono\mono\metadata\object.c:7905] mono_string_to_utf8 
0x00007FF79AFB0466 (Unity) MonoStringToCpp
0x00007FF79B0038CE (Unity) scripting_cpp_string_for
0x00007FF79B03586A (Unity) TransferField_NonArray<StreamedBinaryWrite,Converter_String>
0x00007FF79AFB1636 (Unity) ExecuteSerializationCommands<JSONRead>
0x00007FF79AFC95A8 (Unity) <lambda_23502d5cf47c99f01792cd87488ce116>::operator()
0x00007FF79AFC4805 (Unity) TransferScriptingObject<StreamedBinaryWrite>
0x00007FF79AFCEE16 (Unity) SerializableManagedRefBackupGenerator::ExtractBackupFromInstance
0x00007FF79AFCBB8E (Unity) MonoBehaviour::BackupAndDeflateManagedReferences
0x00007FF79B078083 (Unity) SerializableManagedRefsUtilities::BackupAndDeflateAll
0x00007FF79AFCC052 (Unity) MonoManager::BeginReloadAssembly
0x00007FF79AFD5C07 (Unity) MonoManager::ReloadAssembly
0x00007FF79BEEBF22 (Unity) LoadDomainAndUserAssemblies
0x00007FF79BEEC654 (Unity) LoadUserAssemblies
0x00007FF79C37BA58 (Unity) <lambda_c8aac203af85da22e031a8e6d38250eb>::operator()
0x00007FF79C410412 (Unity) asio::detail::completion_handler<core::mutable_function<void __cdecl(void)> >::do_complete
0x00007FF79C41269D (Unity) asio::detail::win_iocp_io_service::do_one
0x00007FF79C415ABE (Unity) asio::io_service::run
0x00007FF79C40E8B1 (Unity) IOService::Run
0x00007FF79C3A7FA8 (Unity) RunAssetImportWorkerClientV2
0x00007FF79C3A807B (Unity) RunAssetImporterV2
0x00007FF79BBEF690 (Unity) Application::InitializeProject
0x00007FF79C03A7D8 (Unity) WinMain
0x00007FF79D34AAA2 (Unity) __scrt_common_main_seh
0x00007FFE360E26BD (KERNEL32) BaseThreadInitThunk
0x00007FFE3728DFB8 (ntdll) RtlUserThreadStart

========== END OF STACKTRACE ===========

A crash has been intercepted by the crash handler. For call stack and other details, see the latest crash report generated in:
 * C:/Users/Luzog/AppData/Local/Temp/Unity/Editor/Crashes
